Start testing: Apr 04 09:39 EDT
----------------------------------------------------------
1/120 Testing: BinaryFlat.accuracy
1/120 Test: BinaryFlat.accuracy
Command: "/Users/sairaj/faiss/build/tests/faiss_test" "--gtest_filter=BinaryFlat.accuracy" "--gtest_also_run_disabled_tests"
Directory: /Users/sairaj/faiss/build/tests
"BinaryFlat.accuracy" start time: Apr 04 09:39 EDT
Output:
----------------------------------------------------------
WARNING clustering 1000 points to 40 centroids: please provide at least 1560 training points
Running main() from /Users/sairaj/faiss/build/_deps/googletest-src/googletest/src/gtest_main.cc
Note: Google Test filter = BinaryFlat.accuracy
[==========] Running 1 test from 1 test suite.
[----------] Global test environment set-up.
[----------] 1 test from BinaryFlat
[ RUN      ] BinaryFlat.accuracy
[       OK ] BinaryFlat.accuracy (2 ms)
[----------] 1 test from BinaryFlat (2 ms total)

[----------] Global test environment tear-down
[==========] 1 test from 1 test suite ran. (2 ms total)
[  PASSED  ] 1 test.
<end of output>
Test time =   0.13 sec
----------------------------------------------------------
Test Passed.
"BinaryFlat.accuracy" end time: Apr 04 09:39 EDT
"BinaryFlat.accuracy" time elapsed: 00:00:00
----------------------------------------------------------

2/120 Testing: TestIvlistDealloc.IVFFlat
2/120 Test: TestIvlistDealloc.IVFFlat
Command: "/Users/sairaj/faiss/build/tests/faiss_test" "--gtest_filter=TestIvlistDealloc.IVFFlat" "--gtest_also_run_disabled_tests"
Directory: /Users/sairaj/faiss/build/tests
"TestIvlistDealloc.IVFFlat" start time: Apr 04 09:39 EDT
Output:
----------------------------------------------------------
WARNING clustering 1000 points to 40 centroids: please provide at least 1560 training points
Running main() from /Users/sairaj/faiss/build/_deps/googletest-src/googletest/src/gtest_main.cc
Note: Google Test filter = TestIvlistDealloc.IVFFlat
[==========] Running 1 test from 1 test suite.
[----------] Global test environment set-up.
[----------] 1 test from TestIvlistDealloc
[ RUN      ] TestIvlistDealloc.IVFFlat
[       OK ] TestIvlistDealloc.IVFFlat (304 ms)
[----------] 1 test from TestIvlistDealloc (304 ms total)

[----------] Global test environment tear-down
[==========] 1 test from 1 test suite ran. (304 ms total)
[  PASSED  ] 1 test.
<end of output>
Test time =   0.32 sec
----------------------------------------------------------
Test Passed.
"TestIvlistDealloc.IVFFlat" end time: Apr 04 09:39 EDT
"TestIvlistDealloc.IVFFlat" time elapsed: 00:00:00
----------------------------------------------------------

3/120 Testing: TestIvlistDealloc.IVFSQ
3/120 Test: TestIvlistDealloc.IVFSQ
Command: "/Users/sairaj/faiss/build/tests/faiss_test" "--gtest_filter=TestIvlistDealloc.IVFSQ" "--gtest_also_run_disabled_tests"
Directory: /Users/sairaj/faiss/build/tests
"TestIvlistDealloc.IVFSQ" start time: Apr 04 09:39 EDT
Output:
----------------------------------------------------------
WARNING clustering 1000 points to 40 centroids: please provide at least 1560 training points
Running main() from /Users/sairaj/faiss/build/_deps/googletest-src/googletest/src/gtest_main.cc
Note: Google Test filter = TestIvlistDealloc.IVFSQ
[==========] Running 1 test from 1 test suite.
[----------] Global test environment set-up.
[----------] 1 test from TestIvlistDealloc
[ RUN      ] TestIvlistDealloc.IVFSQ
[       OK ] TestIvlistDealloc.IVFSQ (300 ms)
[----------] 1 test from TestIvlistDealloc (300 ms total)

[----------] Global test environment tear-down
[==========] 1 test from 1 test suite ran. (300 ms total)
[  PASSED  ] 1 test.
<end of output>
Test time =   0.32 sec
----------------------------------------------------------
Test Passed.
"TestIvlistDealloc.IVFSQ" end time: Apr 04 09:39 EDT
"TestIvlistDealloc.IVFSQ" time elapsed: 00:00:00
----------------------------------------------------------

4/120 Testing: TestIvlistDealloc.IVFPQ
4/120 Test: TestIvlistDealloc.IVFPQ
Command: "/Users/sairaj/faiss/build/tests/faiss_test" "--gtest_filter=TestIvlistDealloc.IVFPQ" "--gtest_also_run_disabled_tests"
Directory: /Users/sairaj/faiss/build/tests
"TestIvlistDealloc.IVFPQ" start time: Apr 04 09:39 EDT
Output:
----------------------------------------------------------
WARNING clustering 1000 points to 40 centroids: please provide at least 1560 training points
Running main() from /Users/sairaj/faiss/build/_deps/googletest-src/googletest/src/gtest_main.cc
Note: Google Test filter = TestIvlistDealloc.IVFPQ
[==========] Running 1 test from 1 test suite.
[----------] Global test environment set-up.
[----------] 1 test from TestIvlistDealloc
[ RUN      ] TestIvlistDealloc.IVFPQ
WARNING clustering 5000 points to 256 centroids: please provide at least 9984 training points
WARNING clustering 5000 points to 256 centroids: please provide at least 9984 training points
WARNING clustering 5000 points to 256 centroids: please provide at least 9984 training points
WARNING clustering 5000 points to 256 centroids: please provide at least 9984 training points
[       OK ] TestIvlistDealloc.IVFPQ (329 ms)
[----------] 1 test from TestIvlistDealloc (329 ms total)

[----------] Global test environment tear-down
[==========] 1 test from 1 test suite ran. (329 ms total)
[  PASSED  ] 1 test.
<end of output>
Test time =   0.34 sec
----------------------------------------------------------
Test Passed.
"TestIvlistDealloc.IVFPQ" end time: Apr 04 09:39 EDT
"TestIvlistDealloc.IVFPQ" time elapsed: 00:00:00
----------------------------------------------------------

5/120 Testing: IVFPQ.codec
5/120 Test: IVFPQ.codec
Command: "/Users/sairaj/faiss/build/tests/faiss_test" "--gtest_filter=IVFPQ.codec" "--gtest_also_run_disabled_tests"
Directory: /Users/sairaj/faiss/build/tests
"IVFPQ.codec" start time: Apr 04 09:39 EDT
Output:
----------------------------------------------------------
WARNING clustering 1000 points to 40 centroids: please provide at least 1560 training points
Running main() from /Users/sairaj/faiss/build/_deps/googletest-src/googletest/src/gtest_main.cc
Note: Google Test filter = IVFPQ.codec
[==========] Running 1 test from 1 test suite.
[----------] Global test environment set-up.
[----------] 1 test from IVFPQ
[ RUN      ] IVFPQ.codec
WARNING clustering 8000 points to 256 centroids: please provide at least 9984 training points
WARNING clustering 8000 points to 256 centroids: please provide at least 9984 training points
WARNING clustering 8000 points to 256 centroids: please provide at least 9984 training points
WARNING clustering 8000 points to 256 centroids: please provide at least 9984 training points
WARNING clustering 8000 points to 256 centroids: please provide at least 9984 training points
WARNING clustering 8000 points to 256 centroids: please provide at least 9984 training points
WARNING clustering 8000 points to 256 centroids: please provide at least 9984 training points
WARNING clustering 8000 points to 256 centroids: please provide at least 9984 training points
WARNING clustering 8000 points to 256 centroids: please provide at least 9984 training points
WARNING clustering 8000 points to 256 centroids: please provide at least 9984 training points
WARNING clustering 8000 points to 256 centroids: please provide at least 9984 training points
WARNING clustering 8000 points to 256 centroids: please provide at least 9984 training points
WARNING clustering 8000 points to 256 centroids: please provide at least 9984 training points
WARNING clustering 8000 points to 256 centroids: please provide at least 9984 training points
WARNING clustering 8000 points to 256 centroids: please provide at least 9984 training points
WARNING clustering 8000 points to 256 centroids: please provide at least 9984 training points
WARNING clustering 8000 points to 256 centroids: please provide at least 9984 training points
WARNING clustering 8000 points to 256 centroids: please provide at least 9984 training points
WARNING clustering 8000 points to 256 centroids: please provide at least 9984 training points
WARNING clustering 8000 points to 256 centroids: please provide at least 9984 training points
WARNING clustering 8000 points to 256 centroids: please provide at least 9984 training points
WARNING clustering 8000 points to 256 centroids: please provide at least 9984 training points
WARNING clustering 8000 points to 256 centroids: please provide at least 9984 training points
WARNING clustering 8000 points to 256 centroids: please provide at least 9984 training points
WARNING clustering 8000 points to 256 centroids: please provide at least 9984 training points
WARNING clustering 8000 points to 256 centroids: please provide at least 9984 training points
WARNING clustering 8000 points to 256 centroids: please provide at least 9984 training points
WARNING clustering 8000 points to 256 centroids: please provide at least 9984 training points
WARNING clustering 8000 points to 256 centroids: please provide at least 9984 training points
WARNING clustering 8000 points to 256 centroids: please provide at least 9984 training points
WARNING clustering 8000 points to 256 centroids: please provide at least 9984 training points
WARNING clustering 8000 points to 256 centroids: please provide at least 9984 training points
[       OK ] IVFPQ.codec (221 ms)
[----------] 1 test from IVFPQ (221 ms total)

[----------] Global test environment tear-down
[==========] 1 test from 1 test suite ran. (221 ms total)
[  PASSED  ] 1 test.
<end of output>
Test time =   0.24 sec
----------------------------------------------------------
Test Passed.
"IVFPQ.codec" end time: Apr 04 09:39 EDT
"IVFPQ.codec" time elapsed: 00:00:00
----------------------------------------------------------

6/120 Testing: IVFPQ.accuracy
6/120 Test: IVFPQ.accuracy
Command: "/Users/sairaj/faiss/build/tests/faiss_test" "--gtest_filter=IVFPQ.accuracy" "--gtest_also_run_disabled_tests"
Directory: /Users/sairaj/faiss/build/tests
"IVFPQ.accuracy" start time: Apr 04 09:39 EDT
Output:
----------------------------------------------------------
WARNING clustering 1000 points to 40 centroids: please provide at least 1560 training points
Running main() from /Users/sairaj/faiss/build/_deps/googletest-src/googletest/src/gtest_main.cc
Note: Google Test filter = IVFPQ.accuracy
[==========] Running 1 test from 1 test suite.
[----------] Global test environment set-up.
[----------] 1 test from IVFPQ
[ RUN      ] IVFPQ.accuracy
WARNING clustering 1500 points to 256 centroids: please provide at least 9984 training points
WARNING clustering 1500 points to 256 centroids: please provide at least 9984 training points
WARNING clustering 1500 points to 256 centroids: please provide at least 9984 training points
WARNING clustering 1500 points to 256 centroids: please provide at least 9984 training points
WARNING clustering 1500 points to 256 centroids: please provide at least 9984 training points
WARNING clustering 1500 points to 256 centroids: please provide at least 9984 training points
WARNING clustering 1500 points to 256 centroids: please provide at least 9984 training points
WARNING clustering 1500 points to 256 centroids: please provide at least 9984 training points
WARNING clustering 1500 points to 256 centroids: please provide at least 9984 training points
WARNING clustering 1500 points to 256 centroids: please provide at least 9984 training points
WARNING clustering 1500 points to 256 centroids: please provide at least 9984 training points
WARNING clustering 1500 points to 256 centroids: please provide at least 9984 training points
WARNING clustering 1500 points to 256 centroids: please provide at least 9984 training points
WARNING clustering 1500 points to 256 centroids: please provide at least 9984 training points
WARNING clustering 1500 points to 256 centroids: please provide at least 9984 training points
WARNING clustering 1500 points to 256 centroids: please provide at least 9984 training points
Training level-1 quantizer
Training level-1 quantizer on 1500 vectors in 64D
Training IVF residual
precomputing IVFPQ tables type 1
 add_core times: 0.000 2.260 0.045 
[       OK ] IVFPQ.accuracy (75 ms)
[----------] 1 test from IVFPQ (75 ms total)

[----------] Global test environment tear-down
[==========] 1 test from 1 test suite ran. (75 ms total)
[  PASSED  ] 1 test.
<end of output>
Test time =   0.09 sec
----------------------------------------------------------
Test Passed.
"IVFPQ.accuracy" end time: Apr 04 09:39 EDT
"IVFPQ.accuracy" time elapsed: 00:00:00
----------------------------------------------------------

7/120 Testing: TestLowLevelIVF.IVFFlatL2
7/120 Test: TestLowLevelIVF.IVFFlatL2
Command: "/Users/sairaj/faiss/build/tests/faiss_test" "--gtest_filter=TestLowLevelIVF.IVFFlatL2" "--gtest_also_run_disabled_tests"
Directory: /Users/sairaj/faiss/build/tests
"TestLowLevelIVF.IVFFlatL2" start time: Apr 04 09:39 EDT
Output:
----------------------------------------------------------
WARNING clustering 1000 points to 40 centroids: please provide at least 1560 training points
Running main() from /Users/sairaj/faiss/build/_deps/googletest-src/googletest/src/gtest_main.cc
Note: Google Test filter = TestLowLevelIVF.IVFFlatL2
[==========] Running 1 test from 1 test suite.
[----------] Global test environment set-up.
[----------] 1 test from TestLowLevelIVF
[ RUN      ] TestLowLevelIVF.IVFFlatL2
[       OK ] TestLowLevelIVF.IVFFlatL2 (17 ms)
[----------] 1 test from TestLowLevelIVF (17 ms total)

[----------] Global test environment tear-down
[==========] 1 test from 1 test suite ran. (17 ms total)
[  PASSED  ] 1 test.
<end of output>
Test time =   0.03 sec
----------------------------------------------------------
Test Passed.
"TestLowLevelIVF.IVFFlatL2" end time: Apr 04 09:39 EDT
"TestLowLevelIVF.IVFFlatL2" time elapsed: 00:00:00
----------------------------------------------------------

8/120 Testing: TestLowLevelIVF.PCAIVFFlatL2
8/120 Test: TestLowLevelIVF.PCAIVFFlatL2
Command: "/Users/sairaj/faiss/build/tests/faiss_test" "--gtest_filter=TestLowLevelIVF.PCAIVFFlatL2" "--gtest_also_run_disabled_tests"
Directory: /Users/sairaj/faiss/build/tests
"TestLowLevelIVF.PCAIVFFlatL2" start time: Apr 04 09:39 EDT
Output:
----------------------------------------------------------
WARNING clustering 1000 points to 40 centroids: please provide at least 1560 training points
Running main() from /Users/sairaj/faiss/build/_deps/googletest-src/googletest/src/gtest_main.cc
Note: Google Test filter = TestLowLevelIVF.PCAIVFFlatL2
[==========] Running 1 test from 1 test suite.
[----------] Global test environment set-up.
[----------] 1 test from TestLowLevelIVF
[ RUN      ] TestLowLevelIVF.PCAIVFFlatL2
[       OK ] TestLowLevelIVF.PCAIVFFlatL2 (26 ms)
[----------] 1 test from TestLowLevelIVF (26 ms total)

[----------] Global test environment tear-down
[==========] 1 test from 1 test suite ran. (26 ms total)
[  PASSED  ] 1 test.
<end of output>
Test time =   0.04 sec
----------------------------------------------------------
Test Passed.
"TestLowLevelIVF.PCAIVFFlatL2" end time: Apr 04 09:39 EDT
"TestLowLevelIVF.PCAIVFFlatL2" time elapsed: 00:00:00
----------------------------------------------------------

9/120 Testing: TestLowLevelIVF.IVFFlatIP
9/120 Test: TestLowLevelIVF.IVFFlatIP
Command: "/Users/sairaj/faiss/build/tests/faiss_test" "--gtest_filter=TestLowLevelIVF.IVFFlatIP" "--gtest_also_run_disabled_tests"
Directory: /Users/sairaj/faiss/build/tests
"TestLowLevelIVF.IVFFlatIP" start time: Apr 04 09:39 EDT
Output:
----------------------------------------------------------
WARNING clustering 1000 points to 40 centroids: please provide at least 1560 training points
Running main() from /Users/sairaj/faiss/build/_deps/googletest-src/googletest/src/gtest_main.cc
Note: Google Test filter = TestLowLevelIVF.IVFFlatIP
[==========] Running 1 test from 1 test suite.
[----------] Global test environment set-up.
[----------] 1 test from TestLowLevelIVF
[ RUN      ] TestLowLevelIVF.IVFFlatIP
[       OK ] TestLowLevelIVF.IVFFlatIP (15 ms)
[----------] 1 test from TestLowLevelIVF (15 ms total)

[----------] Global test environment tear-down
[==========] 1 test from 1 test suite ran. (15 ms total)
[  PASSED  ] 1 test.
<end of output>
Test time =   0.03 sec
----------------------------------------------------------
Test Passed.
"TestLowLevelIVF.IVFFlatIP" end time: Apr 04 09:39 EDT
"TestLowLevelIVF.IVFFlatIP" time elapsed: 00:00:00
----------------------------------------------------------

10/120 Testing: TestLowLevelIVF.IVFSQL2
10/120 Test: TestLowLevelIVF.IVFSQL2
Command: "/Users/sairaj/faiss/build/tests/faiss_test" "--gtest_filter=TestLowLevelIVF.IVFSQL2" "--gtest_also_run_disabled_tests"
Directory: /Users/sairaj/faiss/build/tests
"TestLowLevelIVF.IVFSQL2" start time: Apr 04 09:39 EDT
Output:
----------------------------------------------------------
WARNING clustering 1000 points to 40 centroids: please provide at least 1560 training points
Running main() from /Users/sairaj/faiss/build/_deps/googletest-src/googletest/src/gtest_main.cc
Note: Google Test filter = TestLowLevelIVF.IVFSQL2
[==========] Running 1 test from 1 test suite.
[----------] Global test environment set-up.
[----------] 1 test from TestLowLevelIVF
[ RUN      ] TestLowLevelIVF.IVFSQL2
[       OK ] TestLowLevelIVF.IVFSQL2 (16 ms)
[----------] 1 test from TestLowLevelIVF (16 ms total)

[----------] Global test environment tear-down
[==========] 1 test from 1 test suite ran. (16 ms total)
[  PASSED  ] 1 test.
<end of output>
Test time =   0.03 sec
----------------------------------------------------------
Test Passed.
"TestLowLevelIVF.IVFSQL2" end time: Apr 04 09:39 EDT
"TestLowLevelIVF.IVFSQL2" time elapsed: 00:00:00
----------------------------------------------------------

11/120 Testing: TestLowLevelIVF.IVFSQIP
11/120 Test: TestLowLevelIVF.IVFSQIP
Command: "/Users/sairaj/faiss/build/tests/faiss_test" "--gtest_filter=TestLowLevelIVF.IVFSQIP" "--gtest_also_run_disabled_tests"
Directory: /Users/sairaj/faiss/build/tests
"TestLowLevelIVF.IVFSQIP" start time: Apr 04 09:39 EDT
Output:
----------------------------------------------------------
WARNING clustering 1000 points to 40 centroids: please provide at least 1560 training points
Running main() from /Users/sairaj/faiss/build/_deps/googletest-src/googletest/src/gtest_main.cc
Note: Google Test filter = TestLowLevelIVF.IVFSQIP
[==========] Running 1 test from 1 test suite.
[----------] Global test environment set-up.
[----------] 1 test from TestLowLevelIVF
[ RUN      ] TestLowLevelIVF.IVFSQIP
[       OK ] TestLowLevelIVF.IVFSQIP (15 ms)
[----------] 1 test from TestLowLevelIVF (15 ms total)

[----------] Global test environment tear-down
[==========] 1 test from 1 test suite ran. (15 ms total)
[  PASSED  ] 1 test.
<end of output>
Test time =   0.03 sec
----------------------------------------------------------
Test Passed.
"TestLowLevelIVF.IVFSQIP" end time: Apr 04 09:39 EDT
"TestLowLevelIVF.IVFSQIP" time elapsed: 00:00:00
----------------------------------------------------------

12/120 Testing: TestLowLevelIVF.IVFPQL2
12/120 Test: TestLowLevelIVF.IVFPQL2
Command: "/Users/sairaj/faiss/build/tests/faiss_test" "--gtest_filter=TestLowLevelIVF.IVFPQL2" "--gtest_also_run_disabled_tests"
Directory: /Users/sairaj/faiss/build/tests
"TestLowLevelIVF.IVFPQL2" start time: Apr 04 09:39 EDT
Output:
----------------------------------------------------------
WARNING clustering 1000 points to 40 centroids: please provide at least 1560 training points
Running main() from /Users/sairaj/faiss/build/_deps/googletest-src/googletest/src/gtest_main.cc
Note: Google Test filter = TestLowLevelIVF.IVFPQL2
[==========] Running 1 test from 1 test suite.
[----------] Global test environment set-up.
[----------] 1 test from TestLowLevelIVF
[ RUN      ] TestLowLevelIVF.IVFPQL2
WARNING clustering 5000 points to 256 centroids: please provide at least 9984 training points
WARNING clustering 5000 points to 256 centroids: please provide at least 9984 training points
WARNING clustering 5000 points to 256 centroids: please provide at least 9984 training points
WARNING clustering 5000 points to 256 centroids: please provide at least 9984 training points
[       OK ] TestLowLevelIVF.IVFPQL2 (49 ms)
[----------] 1 test from TestLowLevelIVF (49 ms total)

[----------] Global test environment tear-down
[==========] 1 test from 1 test suite ran. (49 ms total)
[  PASSED  ] 1 test.
<end of output>
Test time =   0.06 sec
----------------------------------------------------------
Test Passed.
"TestLowLevelIVF.IVFPQL2" end time: Apr 04 09:39 EDT
"TestLowLevelIVF.IVFPQL2" time elapsed: 00:00:00
----------------------------------------------------------

13/120 Testing: TestLowLevelIVF.IVFPQIP
13/120 Test: TestLowLevelIVF.IVFPQIP
Command: "/Users/sairaj/faiss/build/tests/faiss_test" "--gtest_filter=TestLowLevelIVF.IVFPQIP" "--gtest_also_run_disabled_tests"
Directory: /Users/sairaj/faiss/build/tests
"TestLowLevelIVF.IVFPQIP" start time: Apr 04 09:39 EDT
Output:
----------------------------------------------------------
WARNING clustering 1000 points to 40 centroids: please provide at least 1560 training points
Running main() from /Users/sairaj/faiss/build/_deps/googletest-src/googletest/src/gtest_main.cc
Note: Google Test filter = TestLowLevelIVF.IVFPQIP
[==========] Running 1 test from 1 test suite.
[----------] Global test environment set-up.
[----------] 1 test from TestLowLevelIVF
[ RUN      ] TestLowLevelIVF.IVFPQIP
WARNING clustering 5000 points to 256 centroids: please provide at least 9984 training points
WARNING clustering 5000 points to 256 centroids: please provide at least 9984 training points
WARNING clustering 5000 points to 256 centroids: please provide at least 9984 training points
WARNING clustering 5000 points to 256 centroids: please provide at least 9984 training points
[       OK ] TestLowLevelIVF.IVFPQIP (45 ms)
[----------] 1 test from TestLowLevelIVF (45 ms total)

[----------] Global test environment tear-down
[==========] 1 test from 1 test suite ran. (45 ms total)
[  PASSED  ] 1 test.
<end of output>
Test time =   0.06 sec
----------------------------------------------------------
Test Passed.
"TestLowLevelIVF.IVFPQIP" end time: Apr 04 09:39 EDT
"TestLowLevelIVF.IVFPQIP" time elapsed: 00:00:00
----------------------------------------------------------

14/120 Testing: TestLowLevelIVF.IVFBinary
14/120 Test: TestLowLevelIVF.IVFBinary
Command: "/Users/sairaj/faiss/build/tests/faiss_test" "--gtest_filter=TestLowLevelIVF.IVFBinary" "--gtest_also_run_disabled_tests"
Directory: /Users/sairaj/faiss/build/tests
"TestLowLevelIVF.IVFBinary" start time: Apr 04 09:39 EDT
Output:
----------------------------------------------------------
WARNING clustering 1000 points to 40 centroids: please provide at least 1560 training points
Running main() from /Users/sairaj/faiss/build/_deps/googletest-src/googletest/src/gtest_main.cc
Note: Google Test filter = TestLowLevelIVF.IVFBinary
[==========] Running 1 test from 1 test suite.
[----------] Global test environment set-up.
[----------] 1 test from TestLowLevelIVF
[ RUN      ] TestLowLevelIVF.IVFBinary
new before reroder: [107,114 116,113 733,110 364,112 536,112 759,102 224,106 337,110 924,111 481,106 ]
ref: [759,102 224,106 481,106 337,110 733,110 924,111 364,112 536,112 116,113 107,114 ]
new: [759,102 224,106 481,106 337,110 733,110 924,111 364,112 536,112 116,113 107,114 ]
new before reroder: [796,115 697,115 350,111 302,114 353,114 616,107 291,111 255,104 172,114 508,111 ]
ref: [759,102 224,106 481,106 337,110 733,110 924,111 364,112 536,112 116,113 107,114 ]
new: [255,104 616,107 291,111 350,111 508,111 172,114 302,114 353,114 697,115 796,115 ]
new before reroder: [234,115 269,114 593,113 524,113 32,114 847,111 661,107 983,112 813,105 912,110 ]
ref: [759,102 224,106 481,106 337,110 733,110 924,111 364,112 536,112 116,113 107,114 ]
new: [813,105 661,107 912,110 847,111 983,112 524,113 593,113 32,114 269,114 234,115 ]
new before reroder: [627,114 72,114 375,114 888,112 44,114 640,106 711,113 762,109 884,111 793,103 ]
ref: [759,102 224,106 481,106 337,110 733,110 924,111 364,112 536,112 116,113 107,114 ]
new: [793,103 640,106 762,109 884,111 888,112 711,113 44,114 72,114 375,114 627,114 ]
new before reroder: [898,116 991,115 729,116 492,115 63,114 499,113 925,115 494,108 964,111 128,112 ]
ref: [759,102 224,106 481,106 337,110 733,110 924,111 364,112 536,112 116,113 107,114 ]
new: [494,108 964,111 128,112 499,113 63,114 492,115 925,115 991,115 729,116 898,116 ]
new before reroder: [449,115 372,115 973,114 127,115 747,114 332,113 284,114 195,114 834,106 929,113 ]
ref: [759,102 224,106 481,106 337,110 733,110 924,111 364,112 536,112 116,113 107,114 ]
new: [834,106 332,113 929,113 195,114 284,114 747,114 973,114 127,115 372,115 449,115 ]
new before reroder: [160,115 13,114 859,114 653,113 976,113 674,114 350,113 266,113 770,112 557,111 ]
ref: [759,102 224,106 481,106 337,110 733,110 924,111 364,112 536,112 116,113 107,114 ]
new: [557,111 770,112 266,113 350,113 653,113 976,113 13,114 674,114 859,114 160,115 ]
new before reroder: [276,117 724,116 974,116 144,114 803,112 43,114 877,103 500,112 195,112 288,111 ]
ref: [759,102 224,106 481,106 337,110 733,110 924,111 364,112 536,112 116,113 107,114 ]
new: [877,103 288,111 195,112 500,112 803,112 43,114 144,114 724,116 974,116 276,117 ]
new before reroder: [672,116 272,116 940,115 790,114 158,114 783,114 778,114 448,110 576,114 562,106 ]
ref: [759,102 224,106 481,106 337,110 733,110 924,111 364,112 536,112 116,113 107,114 ]
new: [562,106 448,110 158,114 576,114 778,114 783,114 790,114 940,115 272,116 672,116 ]
new before reroder: [715,113 696,113 125,113 231,112 495,111 427,112 61,112 234,106 434,109 448,111 ]
ref: [759,102 224,106 481,106 337,110 733,110 924,111 364,112 536,112 116,113 107,114 ]
new: [234,106 434,109 448,111 495,111 61,112 231,112 427,112 125,113 696,113 715,113 ]
new before reroder: [943,118 775,118 132,117 493,118 646,114 390,115 105,113 277,112 841,111 958,113 ]
ref: [759,102 224,106 481,106 337,110 733,110 924,111 364,112 536,112 116,113 107,114 ]
new: [841,111 277,112 105,113 958,113 646,114 390,115 132,117 493,118 775,118 943,118 ]
new before reroder: [34,115 867,114 833,114 497,113 478,114 562,107 69,114 121,113 206,112 129,103 ]
ref: [759,102 224,106 481,106 337,110 733,110 924,111 364,112 536,112 116,113 107,114 ]
new: [129,103 562,107 206,112 121,113 497,113 69,114 478,114 833,114 867,114 34,115 ]
new before reroder: [382,118 987,117 424,116 482,116 32,116 414,112 737,109 271,108 302,116 940,107 ]
ref: [759,102 224,106 481,106 337,110 733,110 924,111 364,112 536,112 116,113 107,114 ]
new: [940,107 271,108 737,109 414,112 32,116 302,116 424,116 482,116 987,117 382,118 ]
new before reroder: [447,114 835,113 438,114 581,111 284,111 304,112 35,108 131,109 443,110 85,110 ]
ref: [759,102 224,106 481,106 337,110 733,110 924,111 364,112 536,112 116,113 107,114 ]
new: [35,108 131,109 85,110 443,110 284,111 581,111 304,112 835,113 438,114 447,114 ]
new before reroder: [893,117 440,117 830,116 353,115 327,117 748,115 373,112 746,112 810,110 324,117 ]
ref: [759,102 224,106 481,106 337,110 733,110 924,111 364,112 536,112 116,113 107,114 ]
new: [810,110 373,112 746,112 353,115 748,115 830,116 324,117 327,117 440,117 893,117 ]
new before reroder: [172,116 115,116 418,115 795,111 416,113 46,110 91,113 360,111 693,110 956,112 ]
ref: [759,102 224,106 481,106 337,110 733,110 924,111 364,112 536,112 116,113 107,114 ]
new: [46,110 693,110 360,111 795,111 956,112 91,113 416,113 418,115 115,116 172,116 ]
new before reroder: [774,115 535,114 828,114 595,112 413,111 244,109 103,111 965,107 771,111 82,110 ]
ref: [759,102 224,106 481,106 337,110 733,110 924,111 364,112 536,112 116,113 107,114 ]
new: [965,107 244,109 82,110 103,111 413,111 771,111 595,112 535,114 828,114 774,115 ]
new before reroder: [583,115 435,114 559,115 429,114 643,113 886,111 581,108 617,112 543,106 237,111 ]
ref: [759,102 224,106 481,106 337,110 733,110 924,111 364,112 536,112 116,113 107,114 ]
new: [543,106 581,108 237,111 886,111 617,112 643,113 429,114 435,114 559,115 583,115 ]
new before reroder: [283,119 607,118 22,118 316,118 410,117 496,112 775,114 793,115 559,113 301,115 ]
ref: [759,102 224,106 481,106 337,110 733,110 924,111 364,112 536,112 116,113 107,114 ]
new: [496,112 559,113 775,114 301,115 793,115 410,117 22,118 316,118 607,118 283,119 ]
new before reroder: [483,114 229,114 821,111 622,113 137,114 855,105 928,108 192,111 182,112 294,109 ]
ref: [759,102 224,106 481,106 337,110 733,110 924,111 364,112 536,112 116,113 107,114 ]
new: [855,105 928,108 294,109 192,111 821,111 182,112 622,113 137,114 229,114 483,114 ]
new before reroder: [799,114 389,114 351,114 108,113 274,114 881,109 381,113 616,110 464,110 240,108 ]
ref: [759,102 224,106 481,106 337,110 733,110 924,111 364,112 536,112 116,113 107,114 ]
new: [240,108 881,109 464,110 616,110 108,113 381,113 274,114 351,114 389,114 799,114 ]
new before reroder: [27,117 437,116 709,116 392,116 374,112 45,114 703,112 84,109 304,114 339,111 ]
ref: [759,102 224,106 481,106 337,110 733,110 924,111 364,112 536,112 116,113 107,114 ]
new: [84,109 339,111 374,112 703,112 45,114 304,114 392,116 437,116 709,116 27,117 ]
new before reroder: [185,115 823,114 61,112 475,113 714,114 713,108 202,106 209,111 715,111 966,113 ]
ref: [759,102 224,106 481,106 337,110 733,110 924,111 364,112 536,112 116,113 107,114 ]
new: [202,106 713,108 209,111 715,111 61,112 475,113 966,113 714,114 823,114 185,115 ]
new before reroder: [933,115 876,115 879,114 684,115 350,115 923,112 987,105 604,114 993,109 399,112 ]
ref: [759,102 224,106 481,106 337,110 733,110 924,111 364,112 536,112 116,113 107,114 ]
new: [987,105 993,109 399,112 923,112 604,114 879,114 350,115 684,115 876,115 933,115 ]
new before reroder: [688,117 849,116 157,116 893,115 109,116 24,116 605,110 624,112 401,114 721,112 ]
ref: [759,102 224,106 481,106 337,110 733,110 924,111 364,112 536,112 116,113 107,114 ]
new: [605,110 624,112 721,112 401,114 893,115 24,116 109,116 157,116 849,116 688,117 ]
new before reroder: [433,117 180,117 962,114 656,114 447,116 27,105 18,113 437,108 438,114 504,113 ]
ref: [759,102 224,106 481,106 337,110 733,110 924,111 364,112 536,112 116,113 107,114 ]
new: [27,105 437,108 18,113 504,113 438,114 656,114 962,114 447,116 180,117 433,117 ]
new before reroder: [280,115 538,114 40,115 752,113 124,114 880,112 817,112 975,112 259,109 243,113 ]
ref: [759,102 224,106 481,106 337,110 733,110 924,111 364,112 536,112 116,113 107,114 ]
new: [259,109 817,112 880,112 975,112 243,113 752,113 124,114 538,114 40,115 280,115 ]
new before reroder: [428,114 831,113 318,114 406,113 315,113 698,111 207,110 709,112 337,113 89,108 ]
ref: [759,102 224,106 481,106 337,110 733,110 924,111 364,112 536,112 116,113 107,114 ]
new: [89,108 207,110 698,111 709,112 315,113 337,113 406,113 831,113 318,114 428,114 ]
new before reroder: [944,117 570,117 308,117 537,117 907,116 77,115 689,112 658,111 441,117 487,109 ]
ref: [759,102 224,106 481,106 337,110 733,110 924,111 364,112 536,112 116,113 107,114 ]
new: [487,109 658,111 689,112 77,115 907,116 308,117 441,117 537,117 570,117 944,117 ]
new before reroder: [453,115 687,114 419,110 203,109 651,113 701,109 347,109 929,106 400,106 86,104 ]
ref: [759,102 224,106 481,106 337,110 733,110 924,111 364,112 536,112 116,113 107,114 ]
new: [86,104 400,106 929,106 203,109 347,109 701,109 419,110 651,113 687,114 453,115 ]
new before reroder: [927,115 107,114 352,115 849,111 417,110 9,113 400,113 168,105 427,111 676,101 ]
ref: [759,102 224,106 481,106 337,110 733,110 924,111 364,112 536,112 116,113 107,114 ]
new: [676,101 168,105 417,110 427,111 849,111 9,113 400,113 107,114 352,115 927,115 ]
new before reroder: [960,114 750,114 865,114 216,114 528,114 590,110 73,112 990,111 712,101 565,113 ]
ref: [759,102 224,106 481,106 337,110 733,110 924,111 364,112 536,112 116,113 107,114 ]
new: [712,101 590,110 990,111 73,112 565,113 216,114 528,114 750,114 865,114 960,114 ]
new before reroder: [382,115 845,114 277,115 153,114 459,114 445,113 351,110 621,113 216,113 999,112 ]
ref: [759,102 224,106 481,106 337,110 733,110 924,111 364,112 536,112 116,113 107,114 ]
new: [351,110 999,112 216,113 445,113 621,113 153,114 459,114 845,114 277,115 382,115 ]
new before reroder: [269,115 924,114 630,112 906,114 742,111 766,110 518,112 729,112 526,113 60,110 ]
ref: [759,102 224,106 481,106 337,110 733,110 924,111 364,112 536,112 116,113 107,114 ]
new: [60,110 766,110 742,111 518,112 630,112 729,112 526,113 906,114 924,114 269,115 ]
new before reroder: [497,115 252,115 787,114 623,113 38,114 737,110 852,108 656,112 504,113 872,112 ]
ref: [759,102 224,106 481,106 337,110 733,110 924,111 364,112 536,112 116,113 107,114 ]
new: [852,108 737,110 656,112 872,112 504,113 623,113 38,114 787,114 252,115 497,115 ]
new before reroder: [897,115 193,115 173,115 156,115 459,110 364,111 418,114 646,111 445,113 435,109 ]
ref: [759,102 224,106 481,106 337,110 733,110 924,111 364,112 536,112 116,113 107,114 ]
new: [435,109 459,110 364,111 646,111 445,113 418,114 156,115 173,115 193,115 897,115 ]
new before reroder: [351,114 50,114 840,113 227,112 919,113 363,112 19,107 853,105 114,99 362,113 ]
ref: [759,102 224,106 481,106 337,110 733,110 924,111 364,112 536,112 116,113 107,114 ]
new: [114,99 853,105 19,107 227,112 363,112 362,113 840,113 919,113 50,114 351,114 ]
new before reroder: [704,117 305,116 660,117 902,115 194,116 781,116 768,114 252,111 873,108 631,114 ]
ref: [759,102 224,106 481,106 337,110 733,110 924,111 364,112 536,112 116,113 107,114 ]
new: [873,108 252,111 631,114 768,114 902,115 194,116 305,116 781,116 660,117 704,117 ]
new before reroder: [43,115 836,114 503,114 597,114 294,112 402,113 113,103 420,112 225,109 718,107 ]
ref: [759,102 224,106 481,106 337,110 733,110 924,111 364,112 536,112 116,113 107,114 ]
new: [113,103 718,107 225,109 294,112 420,112 402,113 503,114 597,114 836,114 43,115 ]
new before reroder: [203,114 596,112 963,113 126,112 97,111 25,111 274,113 282,110 802,110 791,109 ]
ref: [759,102 224,106 481,106 337,110 733,110 924,111 364,112 536,112 116,113 107,114 ]
new: [791,109 282,110 802,110 25,111 97,111 126,112 596,112 274,113 963,113 203,114 ]
new before reroder: [950,116 690,115 75,116 322,115 443,113 323,115 964,114 635,108 703,113 490,112 ]
ref: [759,102 224,106 481,106 337,110 733,110 924,111 364,112 536,112 116,113 107,114 ]
new: [635,108 490,112 443,113 703,113 964,114 322,115 323,115 690,115 75,116 950,116 ]
new before reroder: [186,114 80,114 296,110 996,113 714,111 536,104 450,105 796,113 113,108 166,110 ]
ref: [759,102 224,106 481,106 337,110 733,110 924,111 364,112 536,112 116,113 107,114 ]
new: [536,104 450,105 113,108 166,110 296,110 714,111 796,113 996,113 80,114 186,114 ]
new before reroder: [719,113 445,113 422,112 869,112 356,110 537,108 777,111 907,111 478,112 112,109 ]
ref: [759,102 224,106 481,106 337,110 733,110 924,111 364,112 536,112 116,113 107,114 ]
new: [537,108 112,109 356,110 777,111 907,111 422,112 478,112 869,112 445,113 719,113 ]
new before reroder: [945,113 817,113 509,112 610,113 594,109 605,111 219,109 178,113 24,113 558,108 ]
ref: [759,102 224,106 481,106 337,110 733,110 924,111 364,112 536,112 116,113 107,114 ]
new: [558,108 219,109 594,109 605,111 509,112 24,113 178,113 610,113 817,113 945,113 ]
new before reroder: [830,116 100,116 489,116 630,112 596,115 629,114 376,115 338,109 973,103 613,114 ]
ref: [759,102 224,106 481,106 337,110 733,110 924,111 364,112 536,112 116,113 107,114 ]
new: [973,103 338,109 630,112 613,114 629,114 376,115 596,115 100,116 489,116 830,116 ]
new before reroder: [132,116 388,115 383,112 527,114 201,115 970,110 47,112 870,111 222,111 154,113 ]
ref: [759,102 224,106 481,106 337,110 733,110 924,111 364,112 536,112 116,113 107,114 ]
new: [970,110 222,111 870,111 47,112 383,112 154,113 527,114 201,115 388,115 132,116 ]
new before reroder: [797,118 800,115 148,118 329,114 703,113 851,112 635,108 326,114 276,109 288,113 ]
ref: [759,102 224,106 481,106 337,110 733,110 924,111 364,112 536,112 116,113 107,114 ]
new: [635,108 276,109 851,112 288,113 703,113 326,114 329,114 800,115 148,118 797,118 ]
new before reroder: [255,116 223,116 848,115 166,116 934,113 53,113 455,113 145,112 539,113 717,110 ]
ref: [759,102 224,106 481,106 337,110 733,110 924,111 364,112 536,112 116,113 107,114 ]
new: [717,110 145,112 53,113 455,113 539,113 934,113 848,115 166,116 223,116 255,116 ]
new before reroder: [602,114 78,113 565,113 37,113 374,109 299,113 148,110 609,112 87,109 593,105 ]
ref: [759,102 224,106 481,106 337,110 733,110 924,111 364,112 536,112 116,113 107,114 ]
new: [593,105 87,109 374,109 148,110 609,112 37,113 78,113 299,113 565,113 602,114 ]
new before reroder: [835,115 409,115 737,114 860,114 964,113 75,111 44,111 981,108 35,110 505,106 ]
ref: [759,102 224,106 481,106 337,110 733,110 924,111 364,112 536,112 116,113 107,114 ]
new: [505,106 981,108 35,110 44,111 75,111 964,113 737,114 860,114 409,115 835,115 ]
new before reroder: [875,111 680,109 48,111 448,109 145,107 539,108 590,109 753,107 569,107 637,105 ]
ref: [759,102 224,106 481,106 337,110 733,110 924,111 364,112 536,112 116,113 107,114 ]
new: [637,105 145,107 569,107 753,107 539,108 448,109 590,109 680,109 48,111 875,111 ]
new before reroder: [652,115 404,115 14,115 3,115 879,114 617,110 73,110 662,113 683,111 258,110 ]
ref: [759,102 224,106 481,106 337,110 733,110 924,111 364,112 536,112 116,113 107,114 ]
new: [73,110 258,110 617,110 683,111 662,113 879,114 3,115 14,115 404,115 652,115 ]
new before reroder: [133,117 304,116 608,116 741,113 816,115 393,114 884,114 90,112 290,104 657,114 ]
ref: [759,102 224,106 481,106 337,110 733,110 924,111 364,112 536,112 116,113 107,114 ]
new: [290,104 90,112 741,113 393,114 657,114 884,114 816,115 304,116 608,116 133,117 ]
new before reroder: [33,115 939,113 877,114 290,110 888,113 626,113 905,111 289,108 669,106 940,110 ]
ref: [759,102 224,106 481,106 337,110 733,110 924,111 364,112 536,112 116,113 107,114 ]
new: [669,106 289,108 290,110 940,110 905,111 626,113 888,113 939,113 877,114 33,115 ]
new before reroder: [481,116 287,116 51,114 757,115 82,115 995,108 100,113 362,112 532,110 89,113 ]
ref: [759,102 224,106 481,106 337,110 733,110 924,111 364,112 536,112 116,113 107,114 ]
new: [995,108 532,110 362,112 89,113 100,113 51,114 82,115 757,115 287,116 481,116 ]
new before reroder: [620,116 759,113 464,116 935,111 878,111 560,115 185,111 668,110 85,108 648,110 ]
ref: [759,102 224,106 481,106 337,110 733,110 924,111 364,112 536,112 116,113 107,114 ]
new: [85,108 648,110 668,110 185,111 878,111 935,111 759,113 560,115 464,116 620,116 ]
new before reroder: [579,116 40,115 566,116 506,114 854,113 49,109 346,112 344,113 55,114 740,111 ]
ref: [759,102 224,106 481,106 337,110 733,110 924,111 364,112 536,112 116,113 107,114 ]
new: [49,109 740,111 346,112 344,113 854,113 55,114 506,114 40,115 566,116 579,116 ]
new before reroder: [581,115 209,115 332,112 263,114 123,114 59,110 582,109 378,111 983,113 143,113 ]
ref: [759,102 224,106 481,106 337,110 733,110 924,111 364,112 536,112 116,113 107,114 ]
new: [582,109 59,110 378,111 332,112 143,113 983,113 123,114 263,114 209,115 581,115 ]
new before reroder: [578,113 342,112 874,112 938,110 76,111 292,105 345,112 260,109 819,95 771,100 ]
ref: [759,102 224,106 481,106 337,110 733,110 924,111 364,112 536,112 116,113 107,114 ]
new: [819,95 771,100 292,105 260,109 938,110 76,111 342,112 345,112 874,112 578,113 ]
new before reroder: [819,115 578,113 639,113 194,111 723,112 387,109 595,113 614,110 985,109 528,112 ]
ref: [759,102 224,106 481,106 337,110 733,110 924,111 364,112 536,112 116,113 107,114 ]
new: [387,109 985,109 614,110 194,111 528,112 723,112 578,113 595,113 639,113 819,115 ]
new before reroder: [411,115 26,115 332,114 883,114 796,114 355,108 369,113 265,114 404,102 663,113 ]
ref: [759,102 224,106 481,106 337,110 733,110 924,111 364,112 536,112 116,113 107,114 ]
new: [404,102 355,108 369,113 663,113 265,114 332,114 796,114 883,114 26,115 411,115 ]
new before reroder: [964,116 992,115 795,115 744,114 990,115 63,115 553,105 345,114 749,110 378,110 ]
ref: [759,102 224,106 481,106 337,110 733,110 924,111 364,112 536,112 116,113 107,114 ]
new: [553,105 378,110 749,110 345,114 744,114 63,115 795,115 990,115 992,115 964,116 ]
new before reroder: [813,115 168,115 136,115 281,113 895,114 543,112 443,113 966,108 608,105 526,114 ]
ref: [759,102 224,106 481,106 337,110 733,110 924,111 364,112 536,112 116,113 107,114 ]
new: [608,105 966,108 543,112 281,113 443,113 526,114 895,114 136,115 168,115 813,115 ]
new before reroder: [407,116 486,115 82,114 123,114 266,114 336,112 683,112 479,113 801,104 42,109 ]
ref: [759,102 224,106 481,106 337,110 733,110 924,111 364,112 536,112 116,113 107,114 ]
new: [801,104 42,109 336,112 683,112 479,113 82,114 123,114 266,114 486,115 407,116 ]
new before reroder: [368,113 287,113 631,112 957,112 967,112 54,112 199,111 561,110 902,107 135,109 ]
ref: [759,102 224,106 481,106 337,110 733,110 924,111 364,112 536,112 116,113 107,114 ]
new: [902,107 135,109 561,110 199,111 54,112 631,112 957,112 967,112 287,113 368,113 ]
new before reroder: [893,116 378,116 281,115 983,114 324,114 340,112 563,114 537,113 813,103 212,106 ]
ref: [759,102 224,106 481,106 337,110 733,110 924,111 364,112 536,112 116,113 107,114 ]
new: [813,103 212,106 340,112 537,113 324,114 563,114 983,114 281,115 378,116 893,116 ]
new before reroder: [530,116 828,113 797,114 205,113 865,112 658,107 525,112 106,108 787,111 870,106 ]
ref: [759,102 224,106 481,106 337,110 733,110 924,111 364,112 536,112 116,113 107,114 ]
new: [870,106 658,107 106,108 787,111 525,112 865,112 205,113 828,113 797,114 530,116 ]
new before reroder: [112,114 927,113 862,113 786,109 956,112 984,112 723,112 613,109 814,107 77,109 ]
ref: [759,102 224,106 481,106 337,110 733,110 924,111 364,112 536,112 116,113 107,114 ]
new: [814,107 77,109 613,109 786,109 723,112 956,112 984,112 862,113 927,113 112,114 ]
new before reroder: [712,114 543,113 39,114 108,113 756,112 80,113 443,112 766,104 323,112 485,109 ]
ref: [759,102 224,106 481,106 337,110 733,110 924,111 364,112 536,112 116,113 107,114 ]
new: [766,104 485,109 323,112 443,112 756,112 80,113 108,113 543,113 39,114 712,114 ]
new before reroder: [599,113 143,113 752,111 586,112 761,112 49,111 844,108 355,106 144,111 702,112 ]
ref: [759,102 224,106 481,106 337,110 733,110 924,111 364,112 536,112 116,113 107,114 ]
new: [355,106 844,108 49,111 144,111 752,111 586,112 702,112 761,112 143,113 599,113 ]
new before reroder: [464,115 192,113 402,114 749,112 70,111 240,111 297,113 42,112 804,108 759,106 ]
ref: [759,102 224,106 481,106 337,110 733,110 924,111 364,112 536,112 116,113 107,114 ]
new: [759,106 804,108 70,111 240,111 42,112 749,112 192,113 297,113 402,114 464,115 ]
new before reroder: [300,114 666,113 562,113 37,112 509,113 734,107 6,109 380,102 610,110 414,105 ]
ref: [759,102 224,106 481,106 337,110 733,110 924,111 364,112 536,112 116,113 107,114 ]
new: [380,102 414,105 734,107 6,109 610,110 37,112 509,113 562,113 666,113 300,114 ]
new before reroder: [505,114 410,114 202,114 332,114 985,112 370,110 98,110 782,111 40,107 134,109 ]
ref: [759,102 224,106 481,106 337,110 733,110 924,111 364,112 536,112 116,113 107,114 ]
new: [40,107 134,109 98,110 370,110 782,111 985,112 202,114 332,114 410,114 505,114 ]
new before reroder: [479,116 739,114 346,115 248,113 892,112 454,104 584,111 791,111 465,111 134,108 ]
ref: [759,102 224,106 481,106 337,110 733,110 924,111 364,112 536,112 116,113 107,114 ]
new: [454,104 134,108 465,111 584,111 791,111 892,112 248,113 739,114 346,115 479,116 ]
new before reroder: [585,115 273,115 646,114 887,114 543,112 638,113 204,108 414,108 947,110 488,110 ]
ref: [759,102 224,106 481,106 337,110 733,110 924,111 364,112 536,112 116,113 107,114 ]
new: [204,108 414,108 488,110 947,110 543,112 638,113 646,114 887,114 273,115 585,115 ]
new before reroder: [297,113 283,113 227,113 141,113 605,111 694,109 710,110 739,104 40,110 60,103 ]
ref: [759,102 224,106 481,106 337,110 733,110 924,111 364,112 536,112 116,113 107,114 ]
new: [60,103 739,104 694,109 40,110 710,110 605,111 141,113 227,113 283,113 297,113 ]
new before reroder: [326,117 65,117 283,116 452,116 663,115 16,115 51,107 363,114 148,109 757,110 ]
ref: [759,102 224,106 481,106 337,110 733,110 924,111 364,112 536,112 116,113 107,114 ]
new: [51,107 148,109 757,110 363,114 16,115 663,115 283,116 452,116 65,117 326,117 ]
new before reroder: [994,115 126,115 540,115 109,114 886,114 95,112 232,110 8,113 128,110 100,112 ]
ref: [759,102 224,106 481,106 337,110 733,110 924,111 364,112 536,112 116,113 107,114 ]
new: [128,110 232,110 95,112 100,112 8,113 109,114 886,114 126,115 540,115 994,115 ]
new before reroder: [838,116 580,116 349,114 600,113 168,115 125,110 966,106 567,106 438,113 912,106 ]
ref: [759,102 224,106 481,106 337,110 733,110 924,111 364,112 536,112 116,113 107,114 ]
new: [567,106 912,106 966,106 125,110 438,113 600,113 349,114 168,115 580,116 838,116 ]
new before reroder: [694,113 427,113 853,112 39,113 93,112 396,112 24,103 235,97 722,110 380,109 ]
ref: [759,102 224,106 481,106 337,110 733,110 924,111 364,112 536,112 116,113 107,114 ]
new: [235,97 24,103 380,109 722,110 93,112 396,112 853,112 39,113 427,113 694,113 ]
new before reroder: [689,111 305,110 624,110 291,110 170,110 102,110 119,104 944,100 229,109 419,106 ]
ref: [759,102 224,106 481,106 337,110 733,110 924,111 364,112 536,112 116,113 107,114 ]
new: [944,100 119,104 419,106 229,109 102,110 170,110 291,110 305,110 624,110 689,111 ]
new before reroder: [269,116 490,114 283,115 766,113 359,111 253,115 312,111 232,109 556,109 421,106 ]
ref: [759,102 224,106 481,106 337,110 733,110 924,111 364,112 536,112 116,113 107,114 ]
new: [421,106 232,109 556,109 312,111 359,111 766,113 490,114 253,115 283,115 269,116 ]
new before reroder: [633,118 404,118 485,117 204,117 238,116 989,114 976,112 30,117 149,117 396,113 ]
ref: [759,102 224,106 481,106 337,110 733,110 924,111 364,112 536,112 116,113 107,114 ]
new: [976,112 396,113 989,114 238,116 30,117 149,117 204,117 485,117 404,118 633,118 ]
new before reroder: [57,115 637,113 311,114 343,113 413,113 286,107 474,110 916,107 759,95 317,112 ]
ref: [759,102 224,106 481,106 337,110 733,110 924,111 364,112 536,112 116,113 107,114 ]
new: [759,95 286,107 916,107 474,110 317,112 343,113 413,113 637,113 311,114 57,115 ]
new before reroder: [596,115 382,115 53,114 546,112 271,113 825,109 463,113 285,110 645,111 140,107 ]
ref: [759,102 224,106 481,106 337,110 733,110 924,111 364,112 536,112 116,113 107,114 ]
new: [140,107 825,109 285,110 645,111 546,112 271,113 463,113 53,114 382,115 596,115 ]
new before reroder: [556,117 792,116 270,116 435,114 266,115 298,110 720,111 117,112 867,113 400,105 ]
ref: [759,102 224,106 481,106 337,110 733,110 924,111 364,112 536,112 116,113 107,114 ]
new: [400,105 298,110 720,111 117,112 867,113 435,114 266,115 270,116 792,116 556,117 ]
new before reroder: [635,115 318,114 283,114 199,109 248,114 631,112 552,109 764,106 173,107 773,101 ]
ref: [759,102 224,106 481,106 337,110 733,110 924,111 364,112 536,112 116,113 107,114 ]
new: [773,101 764,106 173,107 199,109 552,109 631,112 248,114 283,114 318,114 635,115 ]
new before reroder: [966,112 972,111 612,112 328,108 329,110 672,102 733,108 318,103 414,106 173,110 ]
ref: [759,102 224,106 481,106 337,110 733,110 924,111 364,112 536,112 116,113 107,114 ]
new: [672,102 318,103 414,106 328,108 733,108 173,110 329,110 972,111 612,112 966,112 ]
new before reroder: [678,116 673,114 836,115 552,114 392,113 166,112 554,115 186,108 568,100 504,108 ]
ref: [759,102 224,106 481,106 337,110 733,110 924,111 364,112 536,112 116,113 107,114 ]
new: [568,100 186,108 504,108 166,112 392,113 552,114 673,114 554,115 836,115 678,116 ]
new before reroder: [144,116 669,115 767,114 149,114 381,114 194,113 687,113 385,103 143,114 142,114 ]
ref: [759,102 224,106 481,106 337,110 733,110 924,111 364,112 536,112 116,113 107,114 ]
new: [385,103 194,113 687,113 142,114 143,114 149,114 381,114 767,114 669,115 144,116 ]
new before reroder: [699,116 152,116 565,116 749,115 76,116 935,111 369,115 139,107 370,108 2,116 ]
ref: [759,102 224,106 481,106 337,110 733,110 924,111 364,112 536,112 116,113 107,114 ]
new: [139,107 370,108 935,111 369,115 749,115 2,116 76,116 152,116 565,116 699,116 ]
new before reroder: [203,113 134,113 985,112 321,112 909,110 687,98 425,112 199,111 486,107 310,110 ]
ref: [759,102 224,106 481,106 337,110 733,110 924,111 364,112 536,112 116,113 107,114 ]
new: [687,98 486,107 310,110 909,110 199,111 321,112 425,112 985,112 134,113 203,113 ]
new before reroder: [403,118 767,117 798,115 83,117 235,116 427,114 151,115 923,115 809,114 877,114 ]
ref: [759,102 224,106 481,106 337,110 733,110 924,111 364,112 536,112 116,113 107,114 ]
new: [427,114 809,114 877,114 151,115 798,115 923,115 235,116 83,117 767,117 403,118 ]
new before reroder: [855,114 326,113 233,110 992,112 636,112 671,109 398,106 521,100 800,108 123,112 ]
ref: [759,102 224,106 481,106 337,110 733,110 924,111 364,112 536,112 116,113 107,114 ]
new: [521,100 398,106 800,108 671,109 233,110 123,112 636,112 992,112 326,113 855,114 ]
new before reroder: [164,115 805,114 329,114 942,113 193,114 337,112 673,110 203,112 615,113 247,110 ]
ref: [759,102 224,106 481,106 337,110 733,110 924,111 364,112 536,112 116,113 107,114 ]
new: [247,110 673,110 203,112 337,112 615,113 942,113 193,114 329,114 805,114 164,115 ]
new before reroder: [813,115 208,114 273,115 876,113 845,113 517,106 228,110 212,110 277,112 253,113 ]
ref: [759,102 224,106 481,106 337,110 733,110 924,111 364,112 536,112 116,113 107,114 ]
new: [517,106 212,110 228,110 277,112 253,113 845,113 876,113 208,114 273,115 813,115 ]
new before reroder: [940,114 558,113 306,114 281,112 919,111 865,111 206,112 612,105 707,105 116,104 ]
ref: [759,102 224,106 481,106 337,110 733,110 924,111 364,112 536,112 116,113 107,114 ]
new: [116,104 612,105 707,105 865,111 919,111 206,112 281,112 558,113 306,114 940,114 ]
new before reroder: [263,113 580,112 689,112 630,111 716,107 486,110 962,111 865,108 245,106 778,106 ]
ref: [759,102 224,106 481,106 337,110 733,110 924,111 364,112 536,112 116,113 107,114 ]
new: [245,106 778,106 716,107 865,108 486,110 630,111 962,111 580,112 689,112 263,113 ]
new before reroder: [93,116 457,115 385,113 165,114 316,114 151,108 219,109 817,111 898,111 149,108 ]
ref: [759,102 224,106 481,106 337,110 733,110 924,111 364,112 536,112 116,113 107,114 ]
new: [149,108 151,108 219,109 817,111 898,111 385,113 165,114 316,114 457,115 93,116 ]
new before reroder: [132,117 851,116 888,116 788,114 666,116 70,109 122,116 728,106 393,109 119,115 ]
ref: [759,102 224,106 481,106 337,110 733,110 924,111 364,112 536,112 116,113 107,114 ]
new: [728,106 70,109 393,109 788,114 119,115 122,116 666,116 851,116 888,116 132,117 ]
new before reroder: [966,117 448,117 713,116 277,117 972,114 28,109 813,112 701,107 845,116 272,107 ]
ref: [759,102 224,106 481,106 337,110 733,110 924,111 364,112 536,112 116,113 107,114 ]
new: [272,107 701,107 28,109 813,112 972,114 713,116 845,116 277,117 448,117 966,117 ]
new before reroder: [720,115 804,114 633,115 421,114 122,112 574,113 981,111 886,113 861,110 161,109 ]
ref: [759,102 224,106 481,106 337,110 733,110 924,111 364,112 536,112 116,113 107,114 ]
new: [161,109 861,110 981,111 122,112 574,113 886,113 421,114 804,114 633,115 720,115 ]
new before reroder: [489,117 397,116 820,115 303,116 121,116 646,114 283,115 96,116 329,112 969,107 ]
ref: [759,102 224,106 481,106 337,110 733,110 924,111 364,112 536,112 116,113 107,114 ]
new: [969,107 329,112 646,114 283,115 820,115 96,116 121,116 303,116 397,116 489,117 ]
new before reroder: [149,116 993,115 307,115 515,115 181,111 17,110 255,114 572,114 457,113 440,110 ]
ref: [759,102 224,106 481,106 337,110 733,110 924,111 364,112 536,112 116,113 107,114 ]
new: [17,110 440,110 181,111 457,113 255,114 572,114 307,115 515,115 993,115 149,116 ]
new before reroder: [795,114 918,112 86,112 494,110 165,109 283,110 765,110 32,109 607,105 386,108 ]
ref: [759,102 224,106 481,106 337,110 733,110 924,111 364,112 536,112 116,113 107,114 ]
new: [607,105 386,108 32,109 165,109 283,110 494,110 765,110 86,112 918,112 795,114 ]
new before reroder: [820,115 537,115 393,115 637,114 888,112 884,113 588,114 99,107 642,108 640,110 ]
ref: [759,102 224,106 481,106 337,110 733,110 924,111 364,112 536,112 116,113 107,114 ]
new: [99,107 642,108 640,110 888,112 884,113 588,114 637,114 393,115 537,115 820,115 ]
new before reroder: [915,116 837,116 962,115 878,114 934,115 613,115 815,115 759,112 825,114 501,106 ]
ref: [759,102 224,106 481,106 337,110 733,110 924,111 364,112 536,112 116,113 107,114 ]
new: [501,106 759,112 825,114 878,114 613,115 815,115 934,115 962,115 837,116 915,116 ]
new before reroder: [68,115 913,112 608,112 524,112 699,112 643,108 854,103 445,107 937,108 869,104 ]
ref: [759,102 224,106 481,106 337,110 733,110 924,111 364,112 536,112 116,113 107,114 ]
new: [854,103 869,104 445,107 643,108 937,108 524,112 608,112 699,112 913,112 68,115 ]
new before reroder: [981,115 550,114 92,114 889,112 479,114 483,112 12,110 399,106 162,112 729,107 ]
ref: [759,102 224,106 481,106 337,110 733,110 924,111 364,112 536,112 116,113 107,114 ]
new: [399,106 729,107 12,110 162,112 483,112 889,112 92,114 479,114 550,114 981,115 ]
new before reroder: [590,115 477,115 793,114 534,113 883,112 826,113 835,107 449,106 999,108 845,110 ]
ref: [759,102 224,106 481,106 337,110 733,110 924,111 364,112 536,112 116,113 107,114 ]
new: [449,106 835,107 999,108 845,110 883,112 534,113 826,113 793,114 477,115 590,115 ]
new before reroder: [994,113 679,113 412,109 358,113 362,113 597,104 123,108 287,111 299,108 439,112 ]
ref: [759,102 224,106 481,106 337,110 733,110 924,111 364,112 536,112 116,113 107,114 ]
new: [597,104 123,108 299,108 412,109 287,111 439,112 358,113 362,113 679,113 994,113 ]
new before reroder: [372,114 232,114 947,113 907,113 170,114 941,109 229,105 155,108 204,111 991,113 ]
ref: [759,102 224,106 481,106 337,110 733,110 924,111 364,112 536,112 116,113 107,114 ]
new: [229,105 155,108 941,109 204,111 907,113 947,113 991,113 170,114 232,114 372,114 ]
new before reroder: [603,117 232,117 762,115 203,114 49,114 298,110 16,112 687,105 397,110 312,105 ]
ref: [759,102 224,106 481,106 337,110 733,110 924,111 364,112 536,112 116,113 107,114 ]
new: [312,105 687,105 298,110 397,110 16,112 49,114 203,114 762,115 232,117 603,117 ]
new before reroder: [98,114 905,113 687,112 290,110 764,112 16,109 334,106 201,103 107,109 170,104 ]
ref: [759,102 224,106 481,106 337,110 733,110 924,111 364,112 536,112 116,113 107,114 ]
new: [201,103 170,104 334,106 16,109 107,109 290,110 687,112 764,112 905,113 98,114 ]
new before reroder: [496,114 490,114 75,112 135,114 90,111 668,111 422,105 85,111 997,105 778,110 ]
ref: [759,102 224,106 481,106 337,110 733,110 924,111 364,112 536,112 116,113 107,114 ]
new: [422,105 997,105 778,110 85,111 90,111 668,111 75,112 135,114 490,114 496,114 ]
new before reroder: [509,114 108,114 336,113 748,112 13,114 413,106 985,111 338,110 134,110 218,110 ]
ref: [759,102 224,106 481,106 337,110 733,110 924,111 364,112 536,112 116,113 107,114 ]
new: [413,106 134,110 218,110 338,110 985,111 748,112 336,113 13,114 108,114 509,114 ]
new before reroder: [456,115 306,115 350,115 68,114 266,111 910,105 33,110 980,111 380,113 478,107 ]
ref: [759,102 224,106 481,106 337,110 733,110 924,111 364,112 536,112 116,113 107,114 ]
new: [910,105 478,107 33,110 266,111 980,111 380,113 68,114 306,115 350,115 456,115 ]
new before reroder: [289,113 381,112 95,113 149,112 501,110 47,111 223,110 946,109 649,107 321,109 ]
ref: [759,102 224,106 481,106 337,110 733,110 924,111 364,112 536,112 116,113 107,114 ]
new: [649,107 321,109 946,109 223,110 501,110 47,111 149,112 381,112 95,113 289,113 ]
new before reroder: [351,116 493,115 859,115 278,114 937,110 416,114 445,113 585,112 344,111 390,110 ]
ref: [759,102 224,106 481,106 337,110 733,110 924,111 364,112 536,112 116,113 107,114 ]
new: [390,110 937,110 344,111 585,112 445,113 278,114 416,114 493,115 859,115 351,116 ]
new before reroder: [379,116 605,115 473,115 401,111 147,114 932,113 24,113 395,110 873,101 868,107 ]
ref: [759,102 224,106 481,106 337,110 733,110 924,111 364,112 536,112 116,113 107,114 ]
new: [873,101 868,107 395,110 401,111 24,113 932,113 147,114 473,115 605,115 379,116 ]
new before reroder: [651,115 28,115 466,115 211,113 829,114 522,113 902,113 469,107 356,110 788,111 ]
ref: [759,102 224,106 481,106 337,110 733,110 924,111 364,112 536,112 116,113 107,114 ]
new: [469,107 356,110 788,111 211,113 522,113 902,113 829,114 28,115 466,115 651,115 ]
new before reroder: [922,116 530,115 304,116 290,114 905,113 642,111 6,105 291,106 976,112 161,112 ]
ref: [759,102 224,106 481,106 337,110 733,110 924,111 364,112 536,112 116,113 107,114 ]
new: [6,105 291,106 642,111 161,112 976,112 905,113 290,114 530,115 304,116 922,116 ]
new before reroder: [259,115 220,115 817,112 219,114 932,114 124,108 887,109 646,103 226,108 157,112 ]
ref: [759,102 224,106 481,106 337,110 733,110 924,111 364,112 536,112 116,113 107,114 ]
new: [646,103 124,108 226,108 887,109 157,112 817,112 219,114 932,114 220,115 259,115 ]
new before reroder: [757,115 803,114 512,115 597,111 528,114 974,110 41,107 190,110 404,107 415,114 ]
ref: [759,102 224,106 481,106 337,110 733,110 924,111 364,112 536,112 116,113 107,114 ]
new: [41,107 404,107 190,110 974,110 597,111 415,114 528,114 803,114 512,115 757,115 ]
new before reroder: [834,114 826,114 213,114 258,114 953,111 837,112 596,110 726,108 209,112 677,110 ]
ref: [759,102 224,106 481,106 337,110 733,110 924,111 364,112 536,112 116,113 107,114 ]
new: [726,108 596,110 677,110 953,111 209,112 837,112 213,114 258,114 826,114 834,114 ]
new before reroder: [292,113 267,111 606,112 286,110 309,110 131,110 568,110 780,109 177,110 454,106 ]
ref: [759,102 224,106 481,106 337,110 733,110 924,111 364,112 536,112 116,113 107,114 ]
new: [454,106 780,109 131,110 177,110 286,110 309,110 568,110 267,111 606,112 292,113 ]
new before reroder: [752,116 599,116 532,116 128,115 540,114 866,113 458,108 366,114 720,113 706,110 ]
ref: [759,102 224,106 481,106 337,110 733,110 924,111 364,112 536,112 116,113 107,114 ]
new: [458,108 706,110 720,113 866,113 366,114 540,114 128,115 532,116 599,116 752,116 ]
new before reroder: [482,115 303,115 32,115 29,115 528,111 46,111 571,114 65,111 714,110 327,101 ]
ref: [759,102 224,106 481,106 337,110 733,110 924,111 364,112 536,112 116,113 107,114 ]
new: [327,101 714,110 46,111 65,111 528,111 571,114 29,115 32,115 303,115 482,115 ]
new before reroder: [443,117 288,117 177,114 283,115 164,113 599,112 492,112 297,109 718,104 402,110 ]
ref: [759,102 224,106 481,106 337,110 733,110 924,111 364,112 536,112 116,113 107,114 ]
new: [718,104 297,109 402,110 492,112 599,112 164,113 177,114 283,115 288,117 443,117 ]
new before reroder: [598,115 735,114 731,113 660,111 155,114 420,112 29,111 547,111 690,110 109,112 ]
ref: [759,102 224,106 481,106 337,110 733,110 924,111 364,112 536,112 116,113 107,114 ]
new: [690,110 29,111 547,111 660,111 109,112 420,112 731,113 155,114 735,114 598,115 ]
new before reroder: [47,115 223,114 137,112 150,114 218,114 169,109 118,108 548,112 566,111 551,108 ]
ref: [759,102 224,106 481,106 337,110 733,110 924,111 364,112 536,112 116,113 107,114 ]
new: [118,108 551,108 169,109 566,111 137,112 548,112 150,114 218,114 223,114 47,115 ]
new before reroder: [564,115 696,114 833,113 666,114 494,113 171,107 6,106 61,111 298,110 603,109 ]
ref: [759,102 224,106 481,106 337,110 733,110 924,111 364,112 536,112 116,113 107,114 ]
new: [6,106 171,107 603,109 298,110 61,111 494,113 833,113 666,114 696,114 564,115 ]
new before reroder: [646,116 485,116 30,116 867,113 385,115 722,110 730,115 44,110 475,112 549,114 ]
ref: [759,102 224,106 481,106 337,110 733,110 924,111 364,112 536,112 116,113 107,114 ]
new: [44,110 722,110 475,112 867,113 549,114 385,115 730,115 30,116 485,116 646,116 ]
new before reroder: [43,115 909,114 9,114 297,114 226,110 622,112 342,113 279,113 282,111 643,102 ]
ref: [759,102 224,106 481,106 337,110 733,110 924,111 364,112 536,112 116,113 107,114 ]
new: [643,102 226,110 282,111 622,112 279,113 342,113 9,114 297,114 909,114 43,115 ]
new before reroder: [960,115 968,111 564,112 680,111 580,111 372,108 127,110 534,107 6,111 243,109 ]
ref: [759,102 224,106 481,106 337,110 733,110 924,111 364,112 536,112 116,113 107,114 ]
new: [534,107 372,108 243,109 127,110 6,111 580,111 680,111 968,111 564,112 960,115 ]
new before reroder: [355,115 86,115 518,113 60,115 139,114 65,110 803,100 663,114 676,107 152,113 ]
ref: [759,102 224,106 481,106 337,110 733,110 924,111 364,112 536,112 116,113 107,114 ]
new: [803,100 676,107 65,110 152,113 518,113 139,114 663,114 60,115 86,115 355,115 ]
new before reroder: [715,116 466,116 625,116 705,113 521,113 598,116 696,114 190,112 495,108 896,112 ]
ref: [759,102 224,106 481,106 337,110 733,110 924,111 364,112 536,112 116,113 107,114 ]
new: [495,108 190,112 896,112 521,113 705,113 696,114 466,116 598,116 625,116 715,116 ]
new before reroder: [977,117 668,117 405,115 704,116 690,115 75,114 15,115 655,114 876,111 849,113 ]
ref: [759,102 224,106 481,106 337,110 733,110 924,111 364,112 536,112 116,113 107,114 ]
new: [876,111 849,113 75,114 655,114 15,115 405,115 690,115 704,116 668,117 977,117 ]
new before reroder: [135,118 748,116 301,117 841,113 937,115 719,112 775,116 153,111 745,113 389,115 ]
ref: [759,102 224,106 481,106 337,110 733,110 924,111 364,112 536,112 116,113 107,114 ]
new: [153,111 719,112 745,113 841,113 389,115 937,115 748,116 775,116 301,117 135,118 ]
new before reroder: [253,115 237,115 426,114 15,115 437,113 661,105 133,114 37,111 246,114 272,112 ]
ref: [759,102 224,106 481,106 337,110 733,110 924,111 364,112 536,112 116,113 107,114 ]
new: [661,105 37,111 272,112 437,113 133,114 246,114 426,114 15,115 237,115 253,115 ]
new before reroder: [961,115 928,115 952,114 191,114 471,115 619,104 289,110 683,110 732,108 905,111 ]
ref: [759,102 224,106 481,106 337,110 733,110 924,111 364,112 536,112 116,113 107,114 ]
new: [619,104 732,108 289,110 683,110 905,111 191,114 952,114 471,115 928,115 961,115 ]
new before reroder: [462,114 649,113 413,114 825,112 854,112 106,112 923,108 201,112 949,110 457,109 ]
ref: [759,102 224,106 481,106 337,110 733,110 924,111 364,112 536,112 116,113 107,114 ]
new: [923,108 457,109 949,110 106,112 201,112 825,112 854,112 649,113 413,114 462,114 ]
new before reroder: [229,114 79,114 20,109 418,113 629,113 462,108 646,104 769,111 408,109 70,105 ]
ref: [759,102 224,106 481,106 337,110 733,110 924,111 364,112 536,112 116,113 107,114 ]
new: [646,104 70,105 462,108 20,109 408,109 769,111 418,113 629,113 79,114 229,114 ]
new before reroder: [564,116 425,116 679,113 666,115 941,115 591,109 285,110 531,111 253,114 426,115 ]
ref: [759,102 224,106 481,106 337,110 733,110 924,111 364,112 536,112 116,113 107,114 ]
new: [591,109 285,110 531,111 679,113 253,114 426,115 666,115 941,115 425,116 564,116 ]
new before reroder: [356,115 650,114 290,113 554,113 760,112 25,111 942,103 199,106 261,111 150,112 ]
ref: [759,102 224,106 481,106 337,110 733,110 924,111 364,112 536,112 116,113 107,114 ]
new: [942,103 199,106 25,111 261,111 150,112 760,112 290,113 554,113 650,114 356,115 ]
new before reroder: [737,114 778,113 732,114 507,113 990,112 37,114 768,112 85,112 847,106 810,112 ]
ref: [759,102 224,106 481,106 337,110 733,110 924,111 364,112 536,112 116,113 107,114 ]
new: [847,106 85,112 768,112 810,112 990,112 507,113 778,113 37,114 732,114 737,114 ]
new before reroder: [52,116 74,115 472,115 975,109 538,111 874,108 72,102 843,107 6,108 758,106 ]
ref: [759,102 224,106 481,106 337,110 733,110 924,111 364,112 536,112 116,113 107,114 ]
new: [72,102 758,106 843,107 6,108 874,108 975,109 538,111 74,115 472,115 52,116 ]
new before reroder: [251,119 110,119 876,118 305,118 243,115 808,116 409,111 862,112 873,114 541,106 ]
ref: [759,102 224,106 481,106 337,110 733,110 924,111 364,112 536,112 116,113 107,114 ]
new: [541,106 409,111 862,112 873,114 243,115 808,116 305,118 876,118 110,119 251,119 ]
new before reroder: [174,116 137,115 776,111 841,114 118,115 636,108 610,110 336,108 190,113 187,112 ]
ref: [759,102 224,106 481,106 337,110 733,110 924,111 364,112 536,112 116,113 107,114 ]
new: [336,108 636,108 610,110 776,111 187,112 190,113 841,114 118,115 137,115 174,116 ]
new before reroder: [180,114 140,114 874,112 32,114 168,113 736,111 675,112 986,108 930,112 865,110 ]
ref: [759,102 224,106 481,106 337,110 733,110 924,111 364,112 536,112 116,113 107,114 ]
new: [986,108 865,110 736,111 675,112 874,112 930,112 168,113 32,114 140,114 180,114 ]
new before reroder: [48,114 234,113 569,112 651,112 710,112 873,109 18,112 599,112 880,109 185,110 ]
ref: [759,102 224,106 481,106 337,110 733,110 924,111 364,112 536,112 116,113 107,114 ]
new: [873,109 880,109 185,110 18,112 569,112 599,112 651,112 710,112 234,113 48,114 ]
new before reroder: [244,116 682,114 139,116 854,112 472,113 795,105 24,115 878,108 756,101 919,112 ]
ref: [759,102 224,106 481,106 337,110 733,110 924,111 364,112 536,112 116,113 107,114 ]
new: [756,101 795,105 878,108 854,112 919,112 472,113 682,114 24,115 139,116 244,116 ]
new before reroder: [718,115 526,115 668,114 437,114 337,113 90,112 536,109 880,104 552,101 816,107 ]
ref: [759,102 224,106 481,106 337,110 733,110 924,111 364,112 536,112 116,113 107,114 ]
new: [552,101 880,104 816,107 536,109 90,112 337,113 437,114 668,114 526,115 718,115 ]
new before reroder: [211,115 343,113 251,113 796,112 488,111 634,111 612,111 419,112 464,110 55,110 ]
ref: [759,102 224,106 481,106 337,110 733,110 924,111 364,112 536,112 116,113 107,114 ]
new: [55,110 464,110 488,111 612,111 634,111 419,112 796,112 251,113 343,113 211,115 ]
new before reroder: [264,115 924,114 346,114 438,114 243,111 48,113 633,110 81,113 979,113 204,111 ]
ref: [759,102 224,106 481,106 337,110 733,110 924,111 364,112 536,112 116,113 107,114 ]
new: [633,110 204,111 243,111 48,113 81,113 979,113 346,114 438,114 924,114 264,115 ]
new before reroder: [615,116 98,116 432,115 724,113 937,114 301,110 813,110 248,110 138,113 51,113 ]
ref: [759,102 224,106 481,106 337,110 733,110 924,111 364,112 536,112 116,113 107,114 ]
new: [248,110 301,110 813,110 51,113 138,113 724,113 937,114 432,115 98,116 615,116 ]
new before reroder: [855,117 737,117 387,115 465,117 954,116 660,114 16,102 200,116 24,115 605,115 ]
ref: [759,102 224,106 481,106 337,110 733,110 924,111 364,112 536,112 116,113 107,114 ]
new: [16,102 660,114 24,115 387,115 605,115 200,116 954,116 465,117 737,117 855,117 ]
new before reroder: [709,117 318,117 614,116 746,115 673,114 364,114 164,115 62,103 942,111 98,113 ]
ref: [759,102 224,106 481,106 337,110 733,110 924,111 364,112 536,112 116,113 107,114 ]
new: [62,103 942,111 98,113 364,114 673,114 164,115 746,115 614,116 318,117 709,117 ]
new before reroder: [545,115 805,114 314,115 84,114 224,112 551,112 552,110 416,109 773,110 117,110 ]
ref: [759,102 224,106 481,106 337,110 733,110 924,111 364,112 536,112 116,113 107,114 ]
new: [416,109 117,110 552,110 773,110 224,112 551,112 84,114 805,114 314,115 545,115 ]
new before reroder: [913,115 170,115 452,115 317,113 469,114 102,113 306,115 328,110 637,112 145,112 ]
ref: [759,102 224,106 481,106 337,110 733,110 924,111 364,112 536,112 116,113 107,114 ]
new: [328,110 145,112 637,112 102,113 317,113 469,114 170,115 306,115 452,115 913,115 ]
new before reroder: [949,115 243,115 804,115 851,113 566,112 884,114 430,113 161,108 201,113 491,108 ]
ref: [759,102 224,106 481,106 337,110 733,110 924,111 364,112 536,112 116,113 107,114 ]
new: [161,108 491,108 566,112 201,113 430,113 851,113 884,114 243,115 804,115 949,115 ]
new before reroder: [863,114 269,114 169,113 820,113 101,114 136,107 708,112 593,113 664,105 638,113 ]
ref: [759,102 224,106 481,106 337,110 733,110 924,111 364,112 536,112 116,113 107,114 ]
new: [664,105 136,107 708,112 169,113 593,113 638,113 820,113 101,114 269,114 863,114 ]
new before reroder: [385,117 77,117 50,117 362,116 748,116 354,114 655,116 51,116 842,112 705,103 ]
ref: [759,102 224,106 481,106 337,110 733,110 924,111 364,112 536,112 116,113 107,114 ]
new: [705,103 842,112 354,114 51,116 362,116 655,116 748,116 50,117 77,117 385,117 ]
new before reroder: [871,112 719,112 695,107 444,112 479,112 25,107 192,107 199,112 194,103 153,109 ]
ref: [759,102 224,106 481,106 337,110 733,110 924,111 364,112 536,112 116,113 107,114 ]
new: [194,103 25,107 192,107 695,107 153,109 199,112 444,112 479,112 719,112 871,112 ]
new before reroder: [999,116 816,115 281,116 181,114 173,113 216,105 110,107 224,113 876,112 271,107 ]
ref: [759,102 224,106 481,106 337,110 733,110 924,111 364,112 536,112 116,113 107,114 ]
new: [216,105 110,107 271,107 876,112 173,113 224,113 181,114 816,115 281,116 999,116 ]
new before reroder: [839,116 473,116 23,116 360,116 237,116 88,114 316,105 131,115 969,114 625,115 ]
ref: [759,102 224,106 481,106 337,110 733,110 924,111 364,112 536,112 116,113 107,114 ]
new: [316,105 88,114 969,114 131,115 625,115 23,116 237,116 360,116 473,116 839,116 ]
new before reroder: [731,115 660,115 252,115 327,113 746,108 418,114 122,111 603,108 75,103 649,106 ]
ref: [759,102 224,106 481,106 337,110 733,110 924,111 364,112 536,112 116,113 107,114 ]
new: [75,103 649,106 603,108 746,108 122,111 327,113 418,114 252,115 660,115 731,115 ]
new before reroder: [265,114 692,112 95,114 285,110 198,111 663,113 520,107 308,108 366,105 487,110 ]
ref: [759,102 224,106 481,106 337,110 733,110 924,111 364,112 536,112 116,113 107,114 ]
new: [366,105 520,107 308,108 285,110 487,110 198,111 692,112 663,113 95,114 265,114 ]
new before reroder: [937,116 869,116 146,116 793,116 5,116 860,110 786,114 410,114 263,116 935,109 ]
ref: [759,102 224,106 481,106 337,110 733,110 924,111 364,112 536,112 116,113 107,114 ]
new: [935,109 860,110 410,114 786,114 5,116 146,116 263,116 793,116 869,116 937,116 ]
new before reroder: [164,114 66,114 398,112 458,113 172,113 998,107 11,111 168,110 545,108 155,112 ]
ref: [759,102 224,106 481,106 337,110 733,110 924,111 364,112 536,112 116,113 107,114 ]
new: [998,107 545,108 168,110 11,111 155,112 398,112 172,113 458,113 66,114 164,114 ]
new before reroder: [818,116 572,116 780,113 382,116 182,114 5,113 937,111 647,115 384,111 246,112 ]
ref: [759,102 224,106 481,106 337,110 733,110 924,111 364,112 536,112 116,113 107,114 ]
new: [384,111 937,111 246,112 5,113 780,113 182,114 647,115 382,116 572,116 818,116 ]
new before reroder: [966,115 706,115 984,113 301,114 770,109 135,111 366,113 593,106 260,104 708,109 ]
ref: [759,102 224,106 481,106 337,110 733,110 924,111 364,112 536,112 116,113 107,114 ]
new: [260,104 593,106 708,109 770,109 135,111 366,113 984,113 301,114 706,115 966,115 ]
new before reroder: [953,115 201,114 374,115 888,108 820,113 587,114 554,113 436,107 812,106 797,106 ]
ref: [759,102 224,106 481,106 337,110 733,110 924,111 364,112 536,112 116,113 107,114 ]
new: [797,106 812,106 436,107 888,108 554,113 820,113 201,114 587,114 374,115 953,115 ]
new before reroder: [599,115 421,111 559,114 376,111 547,107 586,108 752,113 551,105 13,111 745,106 ]
ref: [759,102 224,106 481,106 337,110 733,110 924,111 364,112 536,112 116,113 107,114 ]
new: [551,105 745,106 547,107 586,108 13,111 376,111 421,111 752,113 559,114 599,115 ]
new before reroder: [658,114 570,114 666,113 934,108 350,114 557,108 898,112 78,108 620,106 497,111 ]
ref: [759,102 224,106 481,106 337,110 733,110 924,111 364,112 536,112 116,113 107,114 ]
new: [620,106 78,108 557,108 934,108 497,111 898,112 666,113 350,114 570,114 658,114 ]
new before reroder: [195,118 915,116 230,112 491,115 259,116 41,111 790,110 710,114 295,113 76,115 ]
ref: [759,102 224,106 481,106 337,110 733,110 924,111 364,112 536,112 116,113 107,114 ]
new: [790,110 41,111 230,112 295,113 710,114 76,115 491,115 259,116 915,116 195,118 ]
new before reroder: [440,115 396,115 235,114 151,109 331,115 276,106 878,109 108,109 335,108 60,114 ]
ref: [759,102 224,106 481,106 337,110 733,110 924,111 364,112 536,112 116,113 107,114 ]
new: [276,106 335,108 108,109 151,109 878,109 60,114 235,114 331,115 396,115 440,115 ]
new before reroder: [108,114 932,113 924,113 608,111 363,113 694,109 30,112 993,107 745,107 923,112 ]
ref: [759,102 224,106 481,106 337,110 733,110 924,111 364,112 536,112 116,113 107,114 ]
new: [745,107 993,107 694,109 608,111 30,112 923,112 363,113 924,113 932,113 108,114 ]
new before reroder: [736,117 542,117 629,115 569,116 489,115 331,110 482,114 911,113 226,113 115,112 ]
ref: [759,102 224,106 481,106 337,110 733,110 924,111 364,112 536,112 116,113 107,114 ]
new: [331,110 115,112 226,113 911,113 482,114 489,115 629,115 569,116 542,117 736,117 ]
new before reroder: [689,115 91,114 11,113 788,113 134,109 80,111 690,110 915,111 582,111 104,108 ]
ref: [759,102 224,106 481,106 337,110 733,110 924,111 364,112 536,112 116,113 107,114 ]
new: [104,108 134,109 690,110 80,111 582,111 915,111 11,113 788,113 91,114 689,115 ]
new before reroder: [256,117 607,116 648,109 911,113 629,111 790,104 288,105 613,107 700,108 835,110 ]
ref: [759,102 224,106 481,106 337,110 733,110 924,111 364,112 536,112 116,113 107,114 ]
new: [790,104 288,105 613,107 700,108 648,109 835,110 629,111 911,113 607,116 256,117 ]
new before reroder: [179,114 34,114 465,111 187,113 904,113 628,110 61,107 982,98 959,110 351,113 ]
ref: [759,102 224,106 481,106 337,110 733,110 924,111 364,112 536,112 116,113 107,114 ]
new: [982,98 61,107 628,110 959,110 465,111 187,113 351,113 904,113 34,114 179,114 ]
new before reroder: [223,115 795,114 763,113 373,114 35,114 728,99 640,103 395,113 921,113 521,104 ]
ref: [759,102 224,106 481,106 337,110 733,110 924,111 364,112 536,112 116,113 107,114 ]
new: [728,99 640,103 521,104 395,113 763,113 921,113 35,114 373,114 795,114 223,115 ]
new before reroder: [898,116 903,115 241,114 607,115 273,112 276,112 359,108 349,109 233,114 329,109 ]
ref: [759,102 224,106 481,106 337,110 733,110 924,111 364,112 536,112 116,113 107,114 ]
new: [359,108 329,109 349,109 273,112 276,112 233,114 241,114 607,115 903,115 898,116 ]
new before reroder: [562,116 987,115 200,116 587,114 300,113 698,112 111,116 364,114 187,109 270,112 ]
ref: [759,102 224,106 481,106 337,110 733,110 924,111 364,112 536,112 116,113 107,114 ]
new: [187,109 270,112 698,112 300,113 364,114 587,114 987,115 111,116 200,116 562,116 ]
new before reroder: [404,116 571,114 265,112 891,113 908,113 582,109 585,106 586,110 785,113 823,112 ]
ref: [759,102 224,106 481,106 337,110 733,110 924,111 364,112 536,112 116,113 107,114 ]
new: [585,106 582,109 586,110 265,112 823,112 785,113 891,113 908,113 571,114 404,116 ]
new before reroder: [734,115 229,115 590,115 829,112 127,112 823,114 176,111 76,112 565,112 87,110 ]
ref: [759,102 224,106 481,106 337,110 733,110 924,111 364,112 536,112 116,113 107,114 ]
new: [87,110 176,111 76,112 127,112 565,112 829,112 823,114 229,115 590,115 734,115 ]
new before reroder: [624,114 542,114 604,111 731,111 741,111 721,110 925,109 978,110 128,110 920,107 ]
ref: [759,102 224,106 481,106 337,110 733,110 924,111 364,112 536,112 116,113 107,114 ]
new: [920,107 925,109 128,110 721,110 978,110 604,111 731,111 741,111 542,114 624,114 ]
new before reroder: [61,113 790,112 272,112 402,112 753,112 71,107 561,105 466,110 231,111 181,111 ]
ref: [759,102 224,106 481,106 337,110 733,110 924,111 364,112 536,112 116,113 107,114 ]
new: [561,105 71,107 466,110 181,111 231,111 272,112 402,112 753,112 790,112 61,113 ]
new before reroder: [597,117 579,117 606,116 139,116 196,117 275,116 609,96 323,111 344,102 860,113 ]
ref: [759,102 224,106 481,106 337,110 733,110 924,111 364,112 536,112 116,113 107,114 ]
new: [609,96 344,102 323,111 860,113 139,116 275,116 606,116 196,117 579,117 597,117 ]
new before reroder: [354,114 203,114 1,114 112,112 896,112 86,113 842,112 744,106 435,108 788,112 ]
ref: [759,102 224,106 481,106 337,110 733,110 924,111 364,112 536,112 116,113 107,114 ]
new: [744,106 435,108 112,112 788,112 842,112 896,112 86,113 1,114 203,114 354,114 ]
new before reroder: [21,115 754,112 503,114 408,112 360,110 117,105 609,113 888,111 597,110 952,108 ]
ref: [759,102 224,106 481,106 337,110 733,110 924,111 364,112 536,112 116,113 107,114 ]
new: [117,105 952,108 360,110 597,110 888,111 408,112 754,112 609,113 503,114 21,115 ]
new before reroder: [249,116 930,115 730,114 710,115 184,115 67,112 0,114 793,112 935,111 873,114 ]
ref: [759,102 224,106 481,106 337,110 733,110 924,111 364,112 536,112 116,113 107,114 ]
new: [935,111 67,112 793,112 0,114 730,114 873,114 184,115 710,115 930,115 249,116 ]
new before reroder: [637,114 864,113 317,113 751,112 740,112 371,109 693,112 474,107 141,111 439,109 ]
ref: [759,102 224,106 481,106 337,110 733,110 924,111 364,112 536,112 116,113 107,114 ]
new: [474,107 371,109 439,109 141,111 693,112 740,112 751,112 317,113 864,113 637,114 ]
new before reroder: [979,113 925,113 852,112 875,111 410,112 491,110 971,110 808,108 59,110 568,111 ]
ref: [759,102 224,106 481,106 337,110 733,110 924,111 364,112 536,112 116,113 107,114 ]
new: [808,108 59,110 491,110 971,110 568,111 875,111 410,112 852,112 925,113 979,113 ]
new before reroder: [821,113 574,113 681,113 849,111 433,110 9,113 286,112 74,109 250,110 576,100 ]
ref: [759,102 224,106 481,106 337,110 733,110 924,111 364,112 536,112 116,113 107,114 ]
new: [576,100 74,109 250,110 433,110 849,111 286,112 9,113 574,113 681,113 821,113 ]
new before reroder: [280,115 272,115 911,114 713,114 732,112 61,110 701,111 157,114 513,114 491,112 ]
ref: [759,102 224,106 481,106 337,110 733,110 924,111 364,112 536,112 116,113 107,114 ]
new: [61,110 701,111 491,112 732,112 157,114 513,114 713,114 911,114 272,115 280,115 ]
new before reroder: [633,112 450,110 290,112 404,110 47,110 169,108 714,110 106,109 969,108 729,108 ]
ref: [759,102 224,106 481,106 337,110 733,110 924,111 364,112 536,112 116,113 107,114 ]
new: [169,108 729,108 969,108 106,109 47,110 404,110 450,110 714,110 290,112 633,112 ]
new before reroder: [315,115 856,114 741,113 70,114 738,114 531,111 226,110 386,108 423,105 211,113 ]
ref: [759,102 224,106 481,106 337,110 733,110 924,111 364,112 536,112 116,113 107,114 ]
new: [423,105 386,108 226,110 531,111 211,113 741,113 70,114 738,114 856,114 315,115 ]
new before reroder: [171,117 222,116 85,117 764,115 169,115 110,116 635,110 437,101 997,113 61,113 ]
ref: [759,102 224,106 481,106 337,110 733,110 924,111 364,112 536,112 116,113 107,114 ]
new: [437,101 635,110 61,113 997,113 169,115 764,115 110,116 222,116 85,117 171,117 ]
[       OK ] TestLowLevelIVF.IVFBinary (40 ms)
[----------] 1 test from TestLowLevelIVF (40 ms total)

[----------] Global test environment tear-down
[==========] 1 test from 1 test suite ran. (40 ms total)
[  PASSED  ] 1 test.
<end of output>
Test time =   0.05 sec
----------------------------------------------------------
Test Passed.
"TestLowLevelIVF.IVFBinary" end time: Apr 04 09:39 EDT
"TestLowLevelIVF.IVFBinary" time elapsed: 00:00:00
----------------------------------------------------------

15/120 Testing: TestLowLevelIVF.ThreadedSearch
15/120 Test: TestLowLevelIVF.ThreadedSearch
Command: "/Users/sairaj/faiss/build/tests/faiss_test" "--gtest_filter=TestLowLevelIVF.ThreadedSearch" "--gtest_also_run_disabled_tests"
Directory: /Users/sairaj/faiss/build/tests
"TestLowLevelIVF.ThreadedSearch" start time: Apr 04 09:39 EDT
Output:
----------------------------------------------------------
WARNING clustering 1000 points to 40 centroids: please provide at least 1560 training points
Running main() from /Users/sairaj/faiss/build/_deps/googletest-src/googletest/src/gtest_main.cc
Note: Google Test filter = TestLowLevelIVF.ThreadedSearch
[==========] Running 1 test from 1 test suite.
[----------] Global test environment set-up.
[----------] 1 test from TestLowLevelIVF
[ RUN      ] TestLowLevelIVF.ThreadedSearch
[       OK ] TestLowLevelIVF.ThreadedSearch (24 ms)
[----------] 1 test from TestLowLevelIVF (24 ms total)

[----------] Global test environment tear-down
[...]
107/120 Test: TestFvecL2sqrNy.D2
Command: "/Users/sairaj/faiss/build/tests/faiss_test" "--gtest_filter=TestFvecL2sqrNy.D2" "--gtest_also_run_disabled_tests"
Directory: /Users/sairaj/faiss/build/tests
"TestFvecL2sqrNy.D2" start time: Apr 04 09:40 EDT
Output:
----------------------------------------------------------
WARNING clustering 1000 points to 40 centroids: please provide at least 1560 training points
Running main() from /Users/sairaj/faiss/build/_deps/googletest-src/googletest/src/gtest_main.cc
Note: Google Test filter = TestFvecL2sqrNy.D2
[==========] Running 1 test from 1 test suite.
[----------] Global test environment set-up.
[----------] 1 test from TestFvecL2sqrNy
[ RUN      ] TestFvecL2sqrNy.D2
[       OK ] TestFvecL2sqrNy.D2 (0 ms)
[----------] 1 test from TestFvecL2sqrNy (0 ms total)

[----------] Global test environment tear-down
[==========] 1 test from 1 test suite ran. (0 ms total)
[  PASSED  ] 1 test.
<end of output>
Test time =   0.01 sec
----------------------------------------------------------
Test Passed.
"TestFvecL2sqrNy.D2" end time: Apr 04 09:40 EDT
"TestFvecL2sqrNy.D2" time elapsed: 00:00:00
----------------------------------------------------------

108/120 Testing: TestFvecInnerProductsNy.D2
108/120 Test: TestFvecInnerProductsNy.D2
Command: "/Users/sairaj/faiss/build/tests/faiss_test" "--gtest_filter=TestFvecInnerProductsNy.D2" "--gtest_also_run_disabled_tests"
Directory: /Users/sairaj/faiss/build/tests
"TestFvecInnerProductsNy.D2" start time: Apr 04 09:40 EDT
Output:
----------------------------------------------------------
WARNING clustering 1000 points to 40 centroids: please provide at least 1560 training points
Running main() from /Users/sairaj/faiss/build/_deps/googletest-src/googletest/src/gtest_main.cc
Note: Google Test filter = TestFvecInnerProductsNy.D2
[==========] Running 1 test from 1 test suite.
[----------] Global test environment set-up.
[----------] 1 test from TestFvecInnerProductsNy
[ RUN      ] TestFvecInnerProductsNy.D2
[       OK ] TestFvecInnerProductsNy.D2 (0 ms)
[----------] 1 test from TestFvecInnerProductsNy (0 ms total)

[----------] Global test environment tear-down
[==========] 1 test from 1 test suite ran. (0 ms total)
[  PASSED  ] 1 test.
<end of output>
Test time =   0.01 sec
----------------------------------------------------------
Test Passed.
"TestFvecInnerProductsNy.D2" end time: Apr 04 09:40 EDT
"TestFvecInnerProductsNy.D2" time elapsed: 00:00:00
----------------------------------------------------------

109/120 Testing: Heap.addn_with_ids
109/120 Test: Heap.addn_with_ids
Command: "/Users/sairaj/faiss/build/tests/faiss_test" "--gtest_filter=Heap.addn_with_ids" "--gtest_also_run_disabled_tests"
Directory: /Users/sairaj/faiss/build/tests
"Heap.addn_with_ids" start time: Apr 04 09:40 EDT
Output:
----------------------------------------------------------
WARNING clustering 1000 points to 40 centroids: please provide at least 1560 training points
Running main() from /Users/sairaj/faiss/build/_deps/googletest-src/googletest/src/gtest_main.cc
Note: Google Test filter = Heap.addn_with_ids
[==========] Running 1 test from 1 test suite.
[----------] Global test environment set-up.
[----------] 1 test from Heap
[ RUN      ] Heap.addn_with_ids
[       OK ] Heap.addn_with_ids (0 ms)
[----------] 1 test from Heap (0 ms total)

[----------] Global test environment tear-down
[==========] 1 test from 1 test suite ran. (0 ms total)
[  PASSED  ] 1 test.
<end of output>
Test time =   0.01 sec
----------------------------------------------------------
Test Passed.
"Heap.addn_with_ids" end time: Apr 04 09:40 EDT
"Heap.addn_with_ids" time elapsed: 00:00:00
----------------------------------------------------------

110/120 Testing: Heap.addn_query_subset_with_ids
110/120 Test: Heap.addn_query_subset_with_ids
Command: "/Users/sairaj/faiss/build/tests/faiss_test" "--gtest_filter=Heap.addn_query_subset_with_ids" "--gtest_also_run_disabled_tests"
Directory: /Users/sairaj/faiss/build/tests
"Heap.addn_query_subset_with_ids" start time: Apr 04 09:40 EDT
Output:
----------------------------------------------------------
WARNING clustering 1000 points to 40 centroids: please provide at least 1560 training points
Running main() from /Users/sairaj/faiss/build/_deps/googletest-src/googletest/src/gtest_main.cc
Note: Google Test filter = Heap.addn_query_subset_with_ids
[==========] Running 1 test from 1 test suite.
[----------] Global test environment set-up.
[----------] 1 test from Heap
[ RUN      ] Heap.addn_query_subset_with_ids
[       OK ] Heap.addn_query_subset_with_ids (1363 ms)
[----------] 1 test from Heap (1363 ms total)

[----------] Global test environment tear-down
[==========] 1 test from 1 test suite ran. (1363 ms total)
[  PASSED  ] 1 test.
<end of output>
Test time =   1.38 sec
----------------------------------------------------------
Test Passed.
"Heap.addn_query_subset_with_ids" end time: Apr 04 09:40 EDT
"Heap.addn_query_subset_with_ids" time elapsed: 00:00:01
----------------------------------------------------------

111/120 Testing: TestCodeDistance.SUBQ4_NBITS8
111/120 Test: TestCodeDistance.SUBQ4_NBITS8
Command: "/Users/sairaj/faiss/build/tests/faiss_test" "--gtest_filter=TestCodeDistance.SUBQ4_NBITS8" "--gtest_also_run_disabled_tests"
Directory: /Users/sairaj/faiss/build/tests
"TestCodeDistance.SUBQ4_NBITS8" start time: Apr 04 09:40 EDT
Output:
----------------------------------------------------------
WARNING clustering 1000 points to 40 centroids: please provide at least 1560 training points
Running main() from /Users/sairaj/faiss/build/_deps/googletest-src/googletest/src/gtest_main.cc
Note: Google Test filter = TestCodeDistance.SUBQ4_NBITS8
[==========] Running 1 test from 1 test suite.
[----------] Global test environment set-up.
[----------] 1 test from TestCodeDistance
[ RUN      ] TestCodeDistance.SUBQ4_NBITS8
Dim = 256, subq = 4, nbits = 8, n = 10000
Generic 1x code: 182.728 msec, 0 mismatches
Generic 4x code: 118.153 msec, 0 mismatches
custom 1x code: 206.868 msec, 0 mismatches
custom 4x code: 125.021 msec, 0 mismatches

[       OK ] TestCodeDistance.SUBQ4_NBITS8 (637 ms)
[----------] 1 test from TestCodeDistance (637 ms total)

[----------] Global test environment tear-down
[==========] 1 test from 1 test suite ran. (637 ms total)
[  PASSED  ] 1 test.
<end of output>
Test time =   0.65 sec
----------------------------------------------------------
Test Passed.
"TestCodeDistance.SUBQ4_NBITS8" end time: Apr 04 09:40 EDT
"TestCodeDistance.SUBQ4_NBITS8" time elapsed: 00:00:00
----------------------------------------------------------

112/120 Testing: TestCodeDistance.SUBQ8_NBITS8
112/120 Test: TestCodeDistance.SUBQ8_NBITS8
Command: "/Users/sairaj/faiss/build/tests/faiss_test" "--gtest_filter=TestCodeDistance.SUBQ8_NBITS8" "--gtest_also_run_disabled_tests"
Directory: /Users/sairaj/faiss/build/tests
"TestCodeDistance.SUBQ8_NBITS8" start time: Apr 04 09:40 EDT
Output:
----------------------------------------------------------
WARNING clustering 1000 points to 40 centroids: please provide at least 1560 training points
Running main() from /Users/sairaj/faiss/build/_deps/googletest-src/googletest/src/gtest_main.cc
Note: Google Test filter = TestCodeDistance.SUBQ8_NBITS8
[==========] Running 1 test from 1 test suite.
[----------] Global test environment set-up.
[----------] 1 test from TestCodeDistance
[ RUN      ] TestCodeDistance.SUBQ8_NBITS8
Dim = 256, subq = 8, nbits = 8, n = 10000
Generic 1x code: 295.073 msec, 0 mismatches
Generic 4x code: 198.417 msec, 0 mismatches
custom 1x code: 327.212 msec, 0 mismatches
custom 4x code: 204.798 msec, 0 mismatches

[       OK ] TestCodeDistance.SUBQ8_NBITS8 (1032 ms)
[----------] 1 test from TestCodeDistance (1032 ms total)

[----------] Global test environment tear-down
[==========] 1 test from 1 test suite ran. (1032 ms total)
[  PASSED  ] 1 test.
<end of output>
Test time =   1.05 sec
----------------------------------------------------------
Test Passed.
"TestCodeDistance.SUBQ8_NBITS8" end time: Apr 04 09:40 EDT
"TestCodeDistance.SUBQ8_NBITS8" time elapsed: 00:00:01
----------------------------------------------------------

113/120 Testing: TestCodeDistance.SUBQ16_NBITS8
113/120 Test: TestCodeDistance.SUBQ16_NBITS8
Command: "/Users/sairaj/faiss/build/tests/faiss_test" "--gtest_filter=TestCodeDistance.SUBQ16_NBITS8" "--gtest_also_run_disabled_tests"
Directory: /Users/sairaj/faiss/build/tests
"TestCodeDistance.SUBQ16_NBITS8" start time: Apr 04 09:40 EDT
Output:
----------------------------------------------------------
WARNING clustering 1000 points to 40 centroids: please provide at least 1560 training points
Running main() from /Users/sairaj/faiss/build/_deps/googletest-src/googletest/src/gtest_main.cc
Note: Google Test filter = TestCodeDistance.SUBQ16_NBITS8
[==========] Running 1 test from 1 test suite.
[----------] Global test environment set-up.
[----------] 1 test from TestCodeDistance
[ RUN      ] TestCodeDistance.SUBQ16_NBITS8
Dim = 256, subq = 16, nbits = 8, n = 10000
Generic 1x code: 566.158 msec, 0 mismatches
Generic 4x code: 320.929 msec, 0 mismatches
custom 1x code: 561.542 msec, 0 mismatches
custom 4x code: 326.824 msec, 0 mismatches

[       OK ] TestCodeDistance.SUBQ16_NBITS8 (1788 ms)
[----------] 1 test from TestCodeDistance (1788 ms total)

[----------] Global test environment tear-down
[==========] 1 test from 1 test suite ran. (1788 ms total)
[  PASSED  ] 1 test.
<end of output>
Test time =   1.80 sec
----------------------------------------------------------
Test Passed.
"TestCodeDistance.SUBQ16_NBITS8" end time: Apr 04 09:40 EDT
"TestCodeDistance.SUBQ16_NBITS8" time elapsed: 00:00:01
----------------------------------------------------------

114/120 Testing: TestCodeDistance.SUBQ32_NBITS8
114/120 Test: TestCodeDistance.SUBQ32_NBITS8
Command: "/Users/sairaj/faiss/build/tests/faiss_test" "--gtest_filter=TestCodeDistance.SUBQ32_NBITS8" "--gtest_also_run_disabled_tests"
Directory: /Users/sairaj/faiss/build/tests
"TestCodeDistance.SUBQ32_NBITS8" start time: Apr 04 09:40 EDT
Output:
----------------------------------------------------------
WARNING clustering 1000 points to 40 centroids: please provide at least 1560 training points
Running main() from /Users/sairaj/faiss/build/_deps/googletest-src/googletest/src/gtest_main.cc
Note: Google Test filter = TestCodeDistance.SUBQ32_NBITS8
[==========] Running 1 test from 1 test suite.
[----------] Global test environment set-up.
[----------] 1 test from TestCodeDistance
[ RUN      ] TestCodeDistance.SUBQ32_NBITS8
Dim = 256, subq = 32, nbits = 8, n = 10000
Generic 1x code: 1105.26 msec, 0 mismatches
Generic 4x code: 559.63 msec, 0 mismatches
custom 1x code: 1149.52 msec, 0 mismatches
custom 4x code: 564.891 msec, 0 mismatches

[       OK ] TestCodeDistance.SUBQ32_NBITS8 (3404 ms)
[----------] 1 test from TestCodeDistance (3404 ms total)

[----------] Global test environment tear-down
[==========] 1 test from 1 test suite ran. (3404 ms total)
[  PASSED  ] 1 test.
<end of output>
Test time =   3.42 sec
----------------------------------------------------------
Test Passed.
"TestCodeDistance.SUBQ32_NBITS8" end time: Apr 04 09:40 EDT
"TestCodeDistance.SUBQ32_NBITS8" time elapsed: 00:00:03
----------------------------------------------------------

115/120 Testing: HNSW.Test_popmin
115/120 Test: HNSW.Test_popmin
Command: "/Users/sairaj/faiss/build/tests/faiss_test" "--gtest_filter=HNSW.Test_popmin" "--gtest_also_run_disabled_tests"
Directory: /Users/sairaj/faiss/build/tests
"HNSW.Test_popmin" start time: Apr 04 09:40 EDT
Output:
----------------------------------------------------------
WARNING clustering 1000 points to 40 centroids: please provide at least 1560 training points
Running main() from /Users/sairaj/faiss/build/_deps/googletest-src/googletest/src/gtest_main.cc
Note: Google Test filter = HNSW.Test_popmin
[==========] Running 1 test from 1 test suite.
[----------] Global test environment set-up.
[----------] 1 test from HNSW
[ RUN      ] HNSW.Test_popmin
[       OK ] HNSW.Test_popmin (2 ms)
[----------] 1 test from HNSW (2 ms total)

[----------] Global test environment tear-down
[==========] 1 test from 1 test suite ran. (2 ms total)
[  PASSED  ] 1 test.
<end of output>
Test time =   0.02 sec
----------------------------------------------------------
Test Passed.
"HNSW.Test_popmin" end time: Apr 04 09:40 EDT
"HNSW.Test_popmin" time elapsed: 00:00:00
----------------------------------------------------------

116/120 Testing: HNSW.Test_popmin_identical_distances
116/120 Test: HNSW.Test_popmin_identical_distances
Command: "/Users/sairaj/faiss/build/tests/faiss_test" "--gtest_filter=HNSW.Test_popmin_identical_distances" "--gtest_also_run_disabled_tests"
Directory: /Users/sairaj/faiss/build/tests
"HNSW.Test_popmin_identical_distances" start time: Apr 04 09:40 EDT
Output:
----------------------------------------------------------
WARNING clustering 1000 points to 40 centroids: please provide at least 1560 training points
Running main() from /Users/sairaj/faiss/build/_deps/googletest-src/googletest/src/gtest_main.cc
Note: Google Test filter = HNSW.Test_popmin_identical_distances
[==========] Running 1 test from 1 test suite.
[----------] Global test environment set-up.
[----------] 1 test from HNSW
[ RUN      ] HNSW.Test_popmin_identical_distances
[       OK ] HNSW.Test_popmin_identical_distances (0 ms)
[----------] 1 test from HNSW (0 ms total)

[----------] Global test environment tear-down
[==========] 1 test from 1 test suite ran. (0 ms total)
[  PASSED  ] 1 test.
<end of output>
Test time =   0.01 sec
----------------------------------------------------------
Test Passed.
"HNSW.Test_popmin_identical_distances" end time: Apr 04 09:40 EDT
"HNSW.Test_popmin_identical_distances" time elapsed: 00:00:00
----------------------------------------------------------

117/120 Testing: HNSW.Test_popmin_infinite_distances
117/120 Test: HNSW.Test_popmin_infinite_distances
Command: "/Users/sairaj/faiss/build/tests/faiss_test" "--gtest_filter=HNSW.Test_popmin_infinite_distances" "--gtest_also_run_disabled_tests"
Directory: /Users/sairaj/faiss/build/tests
"HNSW.Test_popmin_infinite_distances" start time: Apr 04 09:40 EDT
Output:
----------------------------------------------------------
WARNING clustering 1000 points to 40 centroids: please provide at least 1560 training points
Running main() from /Users/sairaj/faiss/build/_deps/googletest-src/googletest/src/gtest_main.cc
Note: Google Test filter = HNSW.Test_popmin_infinite_distances
[==========] Running 1 test from 1 test suite.
[----------] Global test environment set-up.
[----------] 1 test from HNSW
[ RUN      ] HNSW.Test_popmin_infinite_distances
[       OK ] HNSW.Test_popmin_infinite_distances (0 ms)
[----------] 1 test from HNSW (0 ms total)

[----------] Global test environment tear-down
[==========] 1 test from 1 test suite ran. (0 ms total)
[  PASSED  ] 1 test.
<end of output>
Test time =   0.01 sec
----------------------------------------------------------
Test Passed.
"HNSW.Test_popmin_infinite_distances" end time: Apr 04 09:40 EDT
"HNSW.Test_popmin_infinite_distances" time elapsed: 00:00:00
----------------------------------------------------------

118/120 Testing: TestPartitioning.TestPartitioningBigRange
118/120 Test: TestPartitioning.TestPartitioningBigRange
Command: "/Users/sairaj/faiss/build/tests/faiss_test" "--gtest_filter=TestPartitioning.TestPartitioningBigRange" "--gtest_also_run_disabled_tests"
Directory: /Users/sairaj/faiss/build/tests
"TestPartitioning.TestPartitioningBigRange" start time: Apr 04 09:40 EDT
Output:
----------------------------------------------------------
WARNING clustering 1000 points to 40 centroids: please provide at least 1560 training points
Running main() from /Users/sairaj/faiss/build/_deps/googletest-src/googletest/src/gtest_main.cc
Note: Google Test filter = TestPartitioning.TestPartitioningBigRange
[==========] Running 1 test from 1 test suite.
[----------] Global test environment set-up.
[----------] 1 test from TestPartitioning
[ RUN      ] TestPartitioning.TestPartitioningBigRange
[       OK ] TestPartitioning.TestPartitioningBigRange (0 ms)
[----------] 1 test from TestPartitioning (0 ms total)

[----------] Global test environment tear-down
[==========] 1 test from 1 test suite ran. (0 ms total)
[  PASSED  ] 1 test.
<end of output>
Test time =   0.01 sec
----------------------------------------------------------
Test Passed.
"TestPartitioning.TestPartitioningBigRange" end time: Apr 04 09:40 EDT
"TestPartitioning.TestPartitioningBigRange" time elapsed: 00:00:00
----------------------------------------------------------

119/120 Testing: TestFastScan.knnVSrange
119/120 Test: TestFastScan.knnVSrange
Command: "/Users/sairaj/faiss/build/tests/faiss_test" "--gtest_filter=TestFastScan.knnVSrange" "--gtest_also_run_disabled_tests"
Directory: /Users/sairaj/faiss/build/tests
"TestFastScan.knnVSrange" start time: Apr 04 09:40 EDT
Output:
----------------------------------------------------------
WARNING clustering 1000 points to 40 centroids: please provide at least 1560 training points
Running main() from /Users/sairaj/faiss/build/_deps/googletest-src/googletest/src/gtest_main.cc
Note: Google Test filter = TestFastScan.knnVSrange
[==========] Running 1 test from 1 test suite.
[----------] Global test environment set-up.
[----------] 1 test from TestFastScan
[ RUN      ] TestFastScan.knnVSrange
[       OK ] TestFastScan.knnVSrange (69 ms)
[----------] 1 test from TestFastScan (69 ms total)

[----------] Global test environment tear-down
[==========] 1 test from 1 test suite ran. (69 ms total)
[  PASSED  ] 1 test.
<end of output>
Test time =   0.08 sec
----------------------------------------------------------
Test Passed.
"TestFastScan.knnVSrange" end time: Apr 04 09:40 EDT
"TestFastScan.knnVSrange" time elapsed: 00:00:00
----------------------------------------------------------

120/120 Testing: IO.TestReadHNSWPQ_whenSDCDisabledFlagPassed_thenDisableSDCTable
120/120 Test: IO.TestReadHNSWPQ_whenSDCDisabledFlagPassed_thenDisableSDCTable
Command: "/Users/sairaj/faiss/build/tests/faiss_test" "--gtest_filter=IO.TestReadHNSWPQ_whenSDCDisabledFlagPassed_thenDisableSDCTable" "--gtest_also_run_disabled_tests"
Directory: /Users/sairaj/faiss/build/tests
"IO.TestReadHNSWPQ_whenSDCDisabledFlagPassed_thenDisableSDCTable" start time: Apr 04 09:40 EDT
Output:
----------------------------------------------------------
WARNING clustering 1000 points to 40 centroids: please provide at least 1560 training points
Running main() from /Users/sairaj/faiss/build/_deps/googletest-src/googletest/src/gtest_main.cc
Note: Google Test filter = IO.TestReadHNSWPQ_whenSDCDisabledFlagPassed_thenDisableSDCTable
[==========] Running 1 test from 1 test suite.
[----------] Global test environment set-up.
[----------] 1 test from IO
[ RUN      ] IO.TestReadHNSWPQ_whenSDCDisabledFlagPassed_thenDisableSDCTable
WARNING clustering 256 points to 256 centroids: please provide at least 9984 training points
WARNING clustering 256 points to 256 centroids: please provide at least 9984 training points
WARNING clustering 256 points to 256 centroids: please provide at least 9984 training points
WARNING clustering 256 points to 256 centroids: please provide at least 9984 training points
[       OK ] IO.TestReadHNSWPQ_whenSDCDisabledFlagPassed_thenDisableSDCTable (2 ms)
[----------] 1 test from IO (2 ms total)

[----------] Global test environment tear-down
[==========] 1 test from 1 test suite ran. (2 ms total)
[  PASSED  ] 1 test.
<end of output>
Test time =   0.02 sec
----------------------------------------------------------
Test Passed.
"IO.TestReadHNSWPQ_whenSDCDisabledFlagPassed_thenDisableSDCTable" end time: Apr 04 09:40 EDT
"IO.TestReadHNSWPQ_whenSDCDisabledFlagPassed_thenDisableSDCTable" time elapsed: 00:00:00
----------------------------------------------------------

End testing: Apr 04 09:40 EDT
